This is pdfTeX, Version 3.14159265-2.6-1.40.17 (TeX Live 2016/MacPorts 2016_7) (preloaded format=pdflatex 2016.11.16)  14 JUN 2017 15:24
entering extended mode
 \write18 enabled.
 file:line:error style messages enabled.
 %&-line parsing enabled.
**expose.tex
(./expose.tex
LaTeX2e <2016/03/31>
Babel <3.9r> and hyphenation patterns for 5 language(s) loaded.
(/opt/local/share/texmf-texlive/tex/latex/beamer/beamer.cls
(/opt/local/share/texmf-texlive/tex/latex/beamer/beamerbasercs.sty
Package: beamerbasercs 2015/03/08 (rcs-revision 368aa9ba9d38)
)
Document Class: beamer 2015/01/05 3.36 A class for typesetting presentations (r
cs-revision 8a39122e1f63)
(/opt/local/share/texmf-texlive/tex/latex/beamer/beamerbasemodes.sty
Package: beamerbasemodes 2013/09/03 (rcs-revision 768f2d98ca64)
\beamer@tempbox=\box26
\beamer@tempcount=\count79
\c@beamerpauses=\count80

(/opt/local/share/texmf-texlive/tex/latex/beamer/beamerbasedecode.sty
Package: beamerbasedecode 2010/05/01 (rcs-revision efa082c6111d)
\beamer@slideinframe=\count81
\beamer@minimum=\count82
)
\beamer@commentbox=\box27
\beamer@modecount=\count83
)
(/opt/local/share/texmf-texlive/tex/generic/oberdiek/ifpdf.sty
Package: ifpdf 2016/05/14 v3.1 Provides the ifpdf switch
)
\headheight=\dimen102
\headdp=\dimen103
\footheight=\dimen104
\sidebarheight=\dimen105
\beamer@tempdim=\dimen106
\beamer@finalheight=\dimen107
\beamer@animht=\dimen108
\beamer@animdp=\dimen109
\beamer@animwd=\dimen110
\beamer@leftmargin=\dimen111
\beamer@rightmargin=\dimen112
\beamer@leftsidebar=\dimen113
\beamer@rightsidebar=\dimen114
\beamer@boxsize=\dimen115
\beamer@vboxoffset=\dimen116
\beamer@descdefault=\dimen117
\beamer@descriptionwidth=\dimen118
\beamer@lastskip=\skip41
\beamer@areabox=\box28
\beamer@animcurrent=\box29
\beamer@animshowbox=\box30
\beamer@sectionbox=\box31
\beamer@logobox=\box32
\beamer@linebox=\box33
\beamer@sectioncount=\count84
\beamer@subsubsectionmax=\count85
\beamer@subsectionmax=\count86
\beamer@sectionmax=\count87
\beamer@totalheads=\count88
\beamer@headcounter=\count89
\beamer@partstartpage=\count90
\beamer@sectionstartpage=\count91
\beamer@subsectionstartpage=\count92
\beamer@animationtempa=\count93
\beamer@animationtempb=\count94
\beamer@xpos=\count95
\beamer@ypos=\count96
\beamer@showpartnumber=\count97
\beamer@currentsubsection=\count98
\beamer@coveringdepth=\count99
\beamer@sectionadjust=\count100
\beamer@tocsectionnumber=\count101

(/opt/local/share/texmf-texlive/tex/latex/beamer/beamerbaseoptions.sty
Package: beamerbaseoptions 2013/03/10 (rcs-revision 47431932db0d)

(/opt/local/share/texmf-texlive/tex/latex/graphics/keyval.sty
Package: keyval 2014/10/28 v1.15 key=value parser (DPC)
\KV@toks@=\toks14
))
\beamer@paperwidth=\skip42
\beamer@paperheight=\skip43

(/opt/local/share/texmf-texlive/tex/latex/geometry/geometry.sty
Package: geometry 2010/09/12 v5.6 Page Geometry

(/opt/local/share/texmf-texlive/tex/generic/oberdiek/ifvtex.sty
Package: ifvtex 2016/05/16 v1.6 Detect VTeX and its facilities (HO)
Package ifvtex Info: VTeX not detected.
)
(/opt/local/share/texmf-texlive/tex/generic/ifxetex/ifxetex.sty
Package: ifxetex 2010/09/12 v0.6 Provides ifxetex conditional
)
\Gm@cnth=\count102
\Gm@cntv=\count103
\c@Gm@tempcnt=\count104
\Gm@bindingoffset=\dimen119
\Gm@wd@mp=\dimen120
\Gm@odd@mp=\dimen121
\Gm@even@mp=\dimen122
\Gm@layoutwidth=\dimen123
\Gm@layoutheight=\dimen124
\Gm@layouthoffset=\dimen125
\Gm@layoutvoffset=\dimen126
\Gm@dimlist=\toks15
)
(/opt/local/share/texmf-texlive/tex/latex/base/size11.clo
File: size11.clo 2014/09/29 v1.4h Standard LaTeX file (size option)
)
(/opt/local/share/texmf/tex/latex/pgf/basiclayer/pgfcore.sty
(/opt/local/share/texmf-texlive/tex/latex/graphics/graphicx.sty
Package: graphicx 2014/10/28 v1.0g Enhanced LaTeX Graphics (DPC,SPQR)

(/opt/local/share/texmf-texlive/tex/latex/graphics/graphics.sty
Package: graphics 2016/05/09 v1.0r Standard LaTeX Graphics (DPC,SPQR)

(/opt/local/share/texmf-texlive/tex/latex/graphics/trig.sty
Package: trig 2016/01/03 v1.10 sin cos tan (DPC)
)
(/opt/local/share/texmf-texlive/tex/latex/graphics-cfg/graphics.cfg
File: graphics.cfg 2016/01/02 v1.10 sample graphics configuration
)
Package graphics Info: Driver file: pdftex.def on input line 96.

(/opt/local/share/texmf-texlive/tex/latex/pdftex-def/pdftex.def
File: pdftex.def 2011/05/27 v0.06d Graphics/color for pdfTeX

(/opt/local/share/texmf-texlive/tex/generic/oberdiek/infwarerr.sty
Package: infwarerr 2016/05/16 v1.4 Providing info/warning/error messages (HO)
)
(/opt/local/share/texmf-texlive/tex/generic/oberdiek/ltxcmds.sty
Package: ltxcmds 2016/05/16 v1.23 LaTeX kernel commands for general use (HO)
)
\Gread@gobject=\count105
))
\Gin@req@height=\dimen127
\Gin@req@width=\dimen128
)
(/opt/local/share/texmf/tex/latex/pgf/systemlayer/pgfsys.sty
(/opt/local/share/texmf/tex/latex/pgf/utilities/pgfrcs.sty
(/opt/local/share/texmf/tex/generic/pgf/utilities/pgfutil-common.tex
\pgfutil@everybye=\toks16
\pgfutil@tempdima=\dimen129
\pgfutil@tempdimb=\dimen130

(/opt/local/share/texmf/tex/generic/pgf/utilities/pgfutil-common-lists.tex))
(/opt/local/share/texmf/tex/generic/pgf/utilities/pgfutil-latex.def
\pgfutil@abb=\box34

(/opt/local/share/texmf-texlive/tex/latex/ms/everyshi.sty
Package: everyshi 2001/05/15 v3.00 EveryShipout Package (MS)
))
(/opt/local/share/texmf/tex/generic/pgf/utilities/pgfrcs.code.tex
Package: pgfrcs 2015/08/07 v3.0.1 (rcs-revision 1.31)
))
(/opt/local/share/texmf/tex/generic/pgf/systemlayer/pgfsys.code.tex
Package: pgfsys 2014/07/09 v3.0.1 (rcs-revision 1.48)

(/opt/local/share/texmf/tex/generic/pgf/utilities/pgfkeys.code.tex
\pgfkeys@pathtoks=\toks17
\pgfkeys@temptoks=\toks18

(/opt/local/share/texmf/tex/generic/pgf/utilities/pgfkeysfiltered.code.tex
\pgfkeys@tmptoks=\toks19
))
\pgf@x=\dimen131
\pgf@y=\dimen132
\pgf@xa=\dimen133
\pgf@ya=\dimen134
\pgf@xb=\dimen135
\pgf@yb=\dimen136
\pgf@xc=\dimen137
\pgf@yc=\dimen138
\w@pgf@writea=\write3
\r@pgf@reada=\read1
\c@pgf@counta=\count106
\c@pgf@countb=\count107
\c@pgf@countc=\count108
\c@pgf@countd=\count109
\t@pgf@toka=\toks20
\t@pgf@tokb=\toks21
\t@pgf@tokc=\toks22

(/opt/local/share/texmf/tex/generic/pgf/systemlayer/pgf.cfg
File: pgf.cfg 2008/05/14  (rcs-revision 1.7)
)
Driver file for pgf: pgfsys-pdftex.def

(/opt/local/share/texmf/tex/generic/pgf/systemlayer/pgfsys-pdftex.def
File: pgfsys-pdftex.def 2014/10/11  (rcs-revision 1.35)

(/opt/local/share/texmf/tex/generic/pgf/systemlayer/pgfsys-common-pdf.def
File: pgfsys-common-pdf.def 2013/10/10  (rcs-revision 1.13)
)))
(/opt/local/share/texmf/tex/generic/pgf/systemlayer/pgfsyssoftpath.code.tex
File: pgfsyssoftpath.code.tex 2013/09/09  (rcs-revision 1.9)
\pgfsyssoftpath@smallbuffer@items=\count110
\pgfsyssoftpath@bigbuffer@items=\count111
)
(/opt/local/share/texmf/tex/generic/pgf/systemlayer/pgfsysprotocol.code.tex
File: pgfsysprotocol.code.tex 2006/10/16  (rcs-revision 1.4)
))
(/opt/local/share/texmf-texlive/tex/latex/xcolor/xcolor.sty
Package: xcolor 2016/05/11 v2.12 LaTeX color extensions (UK)

(/opt/local/share/texmf-texlive/tex/latex/graphics-cfg/color.cfg
File: color.cfg 2016/01/02 v1.6 sample color configuration
)
Package xcolor Info: Driver file: pdftex.def on input line 225.
Package xcolor Info: Model `cmy' substituted by `cmy0' on input line 1348.
Package xcolor Info: Model `hsb' substituted by `rgb' on input line 1352.
Package xcolor Info: Model `RGB' extended on input line 1364.
Package xcolor Info: Model `HTML' substituted by `rgb' on input line 1366.
Package xcolor Info: Model `Hsb' substituted by `hsb' on input line 1367.
Package xcolor Info: Model `tHsb' substituted by `hsb' on input line 1368.
Package xcolor Info: Model `HSB' substituted by `hsb' on input line 1369.
Package xcolor Info: Model `Gray' substituted by `gray' on input line 1370.
Package xcolor Info: Model `wave' substituted by `hsb' on input line 1371.
)
(/opt/local/share/texmf/tex/generic/pgf/basiclayer/pgfcore.code.tex
Package: pgfcore 2010/04/11 v3.0.1 (rcs-revision 1.7)

(/opt/local/share/texmf/tex/generic/pgf/math/pgfmath.code.tex
(/opt/local/share/texmf/tex/generic/pgf/math/pgfmathcalc.code.tex
(/opt/local/share/texmf/tex/generic/pgf/math/pgfmathutil.code.tex)
(/opt/local/share/texmf/tex/generic/pgf/math/pgfmathparser.code.tex
\pgfmath@dimen=\dimen139
\pgfmath@count=\count112
\pgfmath@box=\box35
\pgfmath@toks=\toks23
\pgfmath@stack@operand=\toks24
\pgfmath@stack@operation=\toks25
)
(/opt/local/share/texmf/tex/generic/pgf/math/pgfmathfunctions.code.tex
(/opt/local/share/texmf/tex/generic/pgf/math/pgfmathfunctions.basic.code.tex)
(/opt/local/share/texmf/tex/generic/pgf/math/pgfmathfunctions.trigonometric.cod
e.tex)
(/opt/local/share/texmf/tex/generic/pgf/math/pgfmathfunctions.random.code.tex)
(/opt/local/share/texmf/tex/generic/pgf/math/pgfmathfunctions.comparison.code.t
ex) (/opt/local/share/texmf/tex/generic/pgf/math/pgfmathfunctions.base.code.tex
) (/opt/local/share/texmf/tex/generic/pgf/math/pgfmathfunctions.round.code.tex)
(/opt/local/share/texmf/tex/generic/pgf/math/pgfmathfunctions.misc.code.tex)
(/opt/local/share/texmf/tex/generic/pgf/math/pgfmathfunctions.integerarithmetic
s.code.tex)))
(/opt/local/share/texmf/tex/generic/pgf/math/pgfmathfloat.code.tex
\c@pgfmathroundto@lastzeros=\count113
))
(/opt/local/share/texmf/tex/generic/pgf/basiclayer/pgfcorepoints.code.tex
File: pgfcorepoints.code.tex 2013/10/07  (rcs-revision 1.27)
\pgf@picminx=\dimen140
\pgf@picmaxx=\dimen141
\pgf@picminy=\dimen142
\pgf@picmaxy=\dimen143
\pgf@pathminx=\dimen144
\pgf@pathmaxx=\dimen145
\pgf@pathminy=\dimen146
\pgf@pathmaxy=\dimen147
\pgf@xx=\dimen148
\pgf@xy=\dimen149
\pgf@yx=\dimen150
\pgf@yy=\dimen151
\pgf@zx=\dimen152
\pgf@zy=\dimen153
)
(/opt/local/share/texmf/tex/generic/pgf/basiclayer/pgfcorepathconstruct.code.te
x
File: pgfcorepathconstruct.code.tex 2013/10/07  (rcs-revision 1.29)
\pgf@path@lastx=\dimen154
\pgf@path@lasty=\dimen155
) (/opt/local/share/texmf/tex/generic/pgf/basiclayer/pgfcorepathusage.code.tex
File: pgfcorepathusage.code.tex 2014/11/02  (rcs-revision 1.24)
\pgf@shorten@end@additional=\dimen156
\pgf@shorten@start@additional=\dimen157
) (/opt/local/share/texmf/tex/generic/pgf/basiclayer/pgfcorescopes.code.tex
File: pgfcorescopes.code.tex 2015/05/08  (rcs-revision 1.46)
\pgfpic=\box36
\pgf@hbox=\box37
\pgf@layerbox@main=\box38
\pgf@picture@serial@count=\count114
)
(/opt/local/share/texmf/tex/generic/pgf/basiclayer/pgfcoregraphicstate.code.tex
File: pgfcoregraphicstate.code.tex 2014/11/02  (rcs-revision 1.12)
\pgflinewidth=\dimen158
)
(/opt/local/share/texmf/tex/generic/pgf/basiclayer/pgfcoretransformations.code.
tex
File: pgfcoretransformations.code.tex 2015/08/07  (rcs-revision 1.20)
\pgf@pt@x=\dimen159
\pgf@pt@y=\dimen160
\pgf@pt@temp=\dimen161
) (/opt/local/share/texmf/tex/generic/pgf/basiclayer/pgfcorequick.code.tex
File: pgfcorequick.code.tex 2008/10/09  (rcs-revision 1.3)
)
(/opt/local/share/texmf/tex/generic/pgf/basiclayer/pgfcoreobjects.code.tex
File: pgfcoreobjects.code.tex 2006/10/11  (rcs-revision 1.2)
)
(/opt/local/share/texmf/tex/generic/pgf/basiclayer/pgfcorepathprocessing.code.t
ex
File: pgfcorepathprocessing.code.tex 2013/09/09  (rcs-revision 1.9)
) (/opt/local/share/texmf/tex/generic/pgf/basiclayer/pgfcorearrows.code.tex
File: pgfcorearrows.code.tex 2015/05/14  (rcs-revision 1.43)
\pgfarrowsep=\dimen162
)
(/opt/local/share/texmf/tex/generic/pgf/basiclayer/pgfcoreshade.code.tex
File: pgfcoreshade.code.tex 2013/07/15  (rcs-revision 1.15)
\pgf@max=\dimen163
\pgf@sys@shading@range@num=\count115
)
(/opt/local/share/texmf/tex/generic/pgf/basiclayer/pgfcoreimage.code.tex
File: pgfcoreimage.code.tex 2013/07/15  (rcs-revision 1.18)

(/opt/local/share/texmf/tex/generic/pgf/basiclayer/pgfcoreexternal.code.tex
File: pgfcoreexternal.code.tex 2014/07/09  (rcs-revision 1.21)
\pgfexternal@startupbox=\box39
))
(/opt/local/share/texmf/tex/generic/pgf/basiclayer/pgfcorelayers.code.tex
File: pgfcorelayers.code.tex 2013/07/18  (rcs-revision 1.7)
)
(/opt/local/share/texmf/tex/generic/pgf/basiclayer/pgfcoretransparency.code.tex
File: pgfcoretransparency.code.tex 2013/09/30  (rcs-revision 1.5)
) (/opt/local/share/texmf/tex/generic/pgf/basiclayer/pgfcorepatterns.code.tex
File: pgfcorepatterns.code.tex 2013/11/07  (rcs-revision 1.5)
))) (/opt/local/share/texmf/tex/latex/pgf/utilities/xxcolor.sty
Package: xxcolor 2003/10/24 ver 0.1
\XC@nummixins=\count116
\XC@countmixins=\count117
)
(/opt/local/share/texmf-texlive/tex/generic/oberdiek/atbegshi.sty
Package: atbegshi 2016/05/16 v1.17 At begin shipout hook (HO)
)
(/opt/local/share/texmf-texlive/tex/latex/hyperref/hyperref.sty
Package: hyperref 2016/05/05 v6.83n Hypertext links for LaTeX

(/opt/local/share/texmf-texlive/tex/generic/oberdiek/hobsub-hyperref.sty
Package: hobsub-hyperref 2016/05/16 v1.14 Bundle oberdiek, subset hyperref (HO)


(/opt/local/share/texmf-texlive/tex/generic/oberdiek/hobsub-generic.sty
Package: hobsub-generic 2016/05/16 v1.14 Bundle oberdiek, subset generic (HO)
Package: hobsub 2016/05/16 v1.14 Construct package bundles (HO)
Package hobsub Info: Skipping package `infwarerr' (already loaded).
Package hobsub Info: Skipping package `ltxcmds' (already loaded).
Package: ifluatex 2016/05/16 v1.4 Provides the ifluatex switch (HO)
Package ifluatex Info: LuaTeX not detected.
Package hobsub Info: Skipping package `ifvtex' (already loaded).
Package: intcalc 2016/05/16 v1.2 Expandable calculations with integers (HO)
Package hobsub Info: Skipping package `ifpdf' (already loaded).
Package: etexcmds 2016/05/16 v1.6 Avoid name clashes with e-TeX commands (HO)
Package etexcmds Info: Could not find \expanded.
(etexcmds)             That can mean that you are not using pdfTeX 1.50 or
(etexcmds)             that some package has redefined \expanded.
(etexcmds)             In the latter case, load this package earlier.
Package: kvsetkeys 2016/05/16 v1.17 Key value parser (HO)
Package: kvdefinekeys 2016/05/16 v1.4 Define keys (HO)
Package: pdftexcmds 2016/05/10 v0.21 Utility functions of pdfTeX for LuaTeX (HO
)
Package pdftexcmds Info: LuaTeX not detected.
Package pdftexcmds Info: \pdf@primitive is available.
Package pdftexcmds Info: \pdf@ifprimitive is available.
Package pdftexcmds Info: \pdfdraftmode found.
Package: pdfescape 2016/05/16 v1.14 Implements pdfTeX's escape features (HO)
Package: bigintcalc 2016/05/16 v1.4 Expandable calculations on big integers (HO
)
Package: bitset 2016/05/16 v1.2 Handle bit-vector datatype (HO)
Package: uniquecounter 2016/05/16 v1.3 Provide unlimited unique counter (HO)
)
Package hobsub Info: Skipping package `hobsub' (already loaded).
Package: letltxmacro 2016/05/16 v1.5 Let assignment for LaTeX macros (HO)
Package: hopatch 2016/05/16 v1.3 Wrapper for package hooks (HO)
Package: xcolor-patch 2016/05/16 xcolor patch
Package: atveryend 2016/05/16 v1.9 Hooks at the very end of document (HO)
Package atveryend Info: \enddocument detected (standard20110627).
Package hobsub Info: Skipping package `atbegshi' (already loaded).
Package: refcount 2016/05/16 v3.5 Data extraction from label references (HO)
Package: hycolor 2016/05/16 v1.8 Color options for hyperref/bookmark (HO)
)
(/opt/local/share/texmf-texlive/tex/latex/oberdiek/auxhook.sty
Package: auxhook 2016/05/16 v1.4 Hooks for auxiliary files (HO)
)
(/opt/local/share/texmf-texlive/tex/latex/oberdiek/kvoptions.sty
Package: kvoptions 2016/05/16 v3.12 Key value format for package options (HO)
)
\@linkdim=\dimen164
\Hy@linkcounter=\count118
\Hy@pagecounter=\count119

(/opt/local/share/texmf-texlive/tex/latex/hyperref/pd1enc.def
File: pd1enc.def 2016/05/05 v6.83n Hyperref: PDFDocEncoding definition (HO)
)
\Hy@SavedSpaceFactor=\count120

(/opt/local/share/texmf-texlive/tex/latex/latexconfig/hyperref.cfg
File: hyperref.cfg 2002/06/06 v1.2 hyperref configuration of TeXLive
)
Package hyperref Info: Option `bookmarks' set `true' on input line 4322.
Package hyperref Info: Option `bookmarksopen' set `true' on input line 4322.
Package hyperref Info: Option `implicit' set `false' on input line 4322.
Package hyperref Info: Hyper figures OFF on input line 4446.
Package hyperref Info: Link nesting OFF on input line 4451.
Package hyperref Info: Hyper index ON on input line 4454.
Package hyperref Info: Plain pages OFF on input line 4461.
Package hyperref Info: Backreferencing OFF on input line 4466.
Package hyperref Info: Implicit mode OFF; no redefinition of LaTeX internals.
Package hyperref Info: Bookmarks ON on input line 4691.
\c@Hy@tempcnt=\count121

(/opt/local/share/texmf-texlive/tex/latex/url/url.sty
\Urlmuskip=\muskip10
Package: url 2013/09/16  ver 3.4  Verb mode for urls, etc.
)
LaTeX Info: Redefining \url on input line 5044.
\XeTeXLinkMargin=\dimen165
\Fld@menulength=\count122
\Field@Width=\dimen166
\Fld@charsize=\dimen167
Package hyperref Info: Hyper figures OFF on input line 6298.
Package hyperref Info: Link nesting OFF on input line 6303.
Package hyperref Info: Hyper index ON on input line 6306.
Package hyperref Info: backreferencing OFF on input line 6313.
Package hyperref Info: Link coloring OFF on input line 6318.
Package hyperref Info: Link coloring with OCG OFF on input line 6323.
Package hyperref Info: PDF/A mode OFF on input line 6328.
LaTeX Info: Redefining \ref on input line 6368.
LaTeX Info: Redefining \pageref on input line 6372.
\Hy@abspage=\count123


Package hyperref Message: Stopped early.

)

Package hyperref Message: Driver (autodetected): hpdftex.

(/opt/local/share/texmf-texlive/tex/latex/hyperref/hpdftex.def
File: hpdftex.def 2016/05/05 v6.83n Hyperref driver for pdfTeX
\Fld@listcount=\count124
\c@bookmark@seq@number=\count125

(/opt/local/share/texmf-texlive/tex/latex/oberdiek/rerunfilecheck.sty
Package: rerunfilecheck 2016/05/16 v1.8 Rerun checks for auxiliary files (HO)
Package uniquecounter Info: New unique counter `rerunfilecheck' on input line 2
82.
))
(/opt/local/share/texmf-texlive/tex/latex/beamer/beamerbaserequires.sty
Package: beamerbaserequires 2010/05/01  (rcs-revision efa082c6111d)

(/opt/local/share/texmf-texlive/tex/latex/beamer/beamerbasecompatibility.sty
Package: beamerbasecompatibility 2012/05/01  (rcs-revision 67c48b3b652d)
)
(/opt/local/share/texmf-texlive/tex/latex/beamer/beamerbasefont.sty
Package: beamerbasefont 2015/01/05  (rcs-revision b4b4bee242e2)

(/opt/local/share/texmf-texlive/tex/latex/amsfonts/amssymb.sty
Package: amssymb 2013/01/14 v3.01 AMS font symbols

(/opt/local/share/texmf-texlive/tex/latex/amsfonts/amsfonts.sty
Package: amsfonts 2013/01/14 v3.01 Basic AMSFonts support
\@emptytoks=\toks26
\symAMSa=\mathgroup4
\symAMSb=\mathgroup5
LaTeX Font Info:    Overwriting math alphabet `\mathfrak' in version `bold'
(Font)                  U/euf/m/n --> U/euf/b/n on input line 106.
))
(/opt/local/share/texmf-texlive/tex/latex/sansmathaccent/sansmathaccent.sty
Package: sansmathaccent 2013/03/28

(/opt/local/share/texmf-texlive/tex/latex/filehook/filehook.sty
Package: filehook 2011/10/12 v0.5d Hooks for input files
)))
(/opt/local/share/texmf-texlive/tex/latex/beamer/beamerbasetranslator.sty
Package: beamerbasetranslator 2010/06/11  (rcs-revision 85fd1cc7fc42)

(/opt/local/share/texmf-texlive/tex/latex/beamer/translator/translator.sty
Package: translator 2010/06/12 ver 1.10

(/opt/local/share/texmf-texlive/tex/latex/beamer/translator/translator-language
-mappings.tex)))
(/opt/local/share/texmf-texlive/tex/latex/beamer/beamerbasemisc.sty
Package: beamerbasemisc 2013/09/03  (rcs-revision a55719c41d85)
)
(/opt/local/share/texmf-texlive/tex/latex/beamer/beamerbasetwoscreens.sty
Package: beamerbasetwoscreens 2010/05/01  (rcs-revision efa082c6111d)
)
(/opt/local/share/texmf-texlive/tex/latex/beamer/beamerbaseoverlay.sty
Package: beamerbaseoverlay 2013/12/25  (rcs-revision f6bd5e3805da)
\beamer@argscount=\count126
\beamer@lastskipcover=\skip44
\beamer@trivlistdepth=\count127
)
(/opt/local/share/texmf-texlive/tex/latex/beamer/beamerbasetitle.sty
Package: beamerbasetitle 2010/09/21  (rcs-revision f0446ed0b6ae)
)
(/opt/local/share/texmf-texlive/tex/latex/beamer/beamerbasesection.sty
Package: beamerbasesection 2013/06/07  (rcs-revision 60b9fe0f342f)
\c@lecture=\count128
\c@part=\count129
\c@section=\count130
\c@subsection=\count131
\c@subsubsection=\count132
)
(/opt/local/share/texmf-texlive/tex/latex/beamer/beamerbaseframe.sty
Package: beamerbaseframe 2014/02/20  (rcs-revision 4b8ceeeff434)
\beamer@framebox=\box40
\beamer@frametitlebox=\box41
\beamer@zoombox=\box42
\beamer@zoomcount=\count133
\beamer@zoomframecount=\count134
\beamer@frametextheight=\dimen168
\c@subsectionslide=\count135
\beamer@frametopskip=\skip45
\beamer@framebottomskip=\skip46
\beamer@frametopskipautobreak=\skip47
\beamer@framebottomskipautobreak=\skip48
\beamer@envbody=\toks27
\framewidth=\dimen169
\c@framenumber=\count136
)
(/opt/local/share/texmf-texlive/tex/latex/beamer/beamerbaseverbatim.sty
Package: beamerbaseverbatim 2015/01/05  (rcs-revision 431510bb5890)
\beamer@verbatimfileout=\write4
)
(/opt/local/share/texmf-texlive/tex/latex/beamer/beamerbaseframesize.sty
Package: beamerbaseframesize 2011/09/12  (rcs-revision 70f9d8411e54)
\beamer@splitbox=\box43
\beamer@autobreakcount=\count137
\beamer@autobreaklastheight=\dimen170
\beamer@frametitletoks=\toks28
\beamer@framesubtitletoks=\toks29
)
(/opt/local/share/texmf-texlive/tex/latex/beamer/beamerbaseframecomponents.sty
Package: beamerbaseframecomponents 2013/10/18  (rcs-revision 5cf6c5555a45)
\beamer@footins=\box44
) (/opt/local/share/texmf-texlive/tex/latex/beamer/beamerbasecolor.sty
Package: beamerbasecolor 2015/02/21  (rcs-revision d944b04ee2d5)
)
(/opt/local/share/texmf-texlive/tex/latex/beamer/beamerbasenotes.sty
Package: beamerbasenotes 2012/12/19  (rcs-revision 1686da3db3c9)
\beamer@frameboxcopy=\box45
)
(/opt/local/share/texmf-texlive/tex/latex/beamer/beamerbasetoc.sty
Package: beamerbasetoc 2015/03/08  (rcs-revision 7270298bbaae)
)
(/opt/local/share/texmf-texlive/tex/latex/beamer/beamerbasetemplates.sty
Package: beamerbasetemplates 2010/05/01  (rcs-revision efa082c6111d)
\beamer@sbttoks=\toks30

(/opt/local/share/texmf-texlive/tex/latex/beamer/beamerbaseauxtemplates.sty
Package: beamerbaseauxtemplates 2014/06/30  (rcs-revision 580088513a67)

(/opt/local/share/texmf-texlive/tex/latex/beamer/beamerbaseboxes.sty
Package: beamerbaseboxes 2012/05/13  (rcs-revision 56972908a390)
\bmb@box=\box46
\bmb@colorbox=\box47
\bmb@boxshadow=\box48
\bmb@boxshadowball=\box49
\bmb@boxshadowballlarge=\box50
\bmb@temp=\dimen171
\bmb@dima=\dimen172
\bmb@dimb=\dimen173
\bmb@prevheight=\dimen174
)
\beamer@blockheadheight=\dimen175
))
(/opt/local/share/texmf-texlive/tex/latex/beamer/beamerbaselocalstructure.sty
Package: beamerbaselocalstructure 2014/09/10  (rcs-revision 393f6dcff371)

(/opt/local/share/texmf-texlive/tex/latex/tools/enumerate.sty
Package: enumerate 2015/07/23 v3.00 enumerate extensions (DPC)
\@enLab=\toks31
)
\c@figure=\count138
\c@table=\count139
\abovecaptionskip=\skip49
\belowcaptionskip=\skip50
)
(/opt/local/share/texmf-texlive/tex/latex/beamer/beamerbasenavigation.sty
Package: beamerbasenavigation 2015/02/27  (rcs-revision 923f4bf87efa)
\beamer@section@min@dim=\dimen176
)
(/opt/local/share/texmf-texlive/tex/latex/beamer/beamerbasetheorems.sty
Package: beamerbasetheorems 2010/06/06  (rcs-revision 7e7cc5e53e9d)

(/opt/local/share/texmf-texlive/tex/latex/amsmath/amsmath.sty
Package: amsmath 2016/03/10 v2.15b AMS math features
\@mathmargin=\skip51

For additional information on amsmath, use the `?' option.
(/opt/local/share/texmf-texlive/tex/latex/amsmath/amstext.sty
Package: amstext 2000/06/29 v2.01 AMS text

(/opt/local/share/texmf-texlive/tex/latex/amsmath/amsgen.sty
File: amsgen.sty 1999/11/30 v2.0 generic functions
\@emptytoks=\toks32
\ex@=\dimen177
))
(/opt/local/share/texmf-texlive/tex/latex/amsmath/amsbsy.sty
Package: amsbsy 1999/11/29 v1.2d Bold Symbols
\pmbraise@=\dimen178
)
(/opt/local/share/texmf-texlive/tex/latex/amsmath/amsopn.sty
Package: amsopn 2016/03/08 v2.02 operator names
)
\inf@bad=\count140
LaTeX Info: Redefining \frac on input line 199.
\uproot@=\count141
\leftroot@=\count142
LaTeX Info: Redefining \overline on input line 297.
\classnum@=\count143
\DOTSCASE@=\count144
LaTeX Info: Redefining \ldots on input line 394.
LaTeX Info: Redefining \dots on input line 397.
LaTeX Info: Redefining \cdots on input line 518.
\Mathstrutbox@=\box51
\strutbox@=\box52
\big@size=\dimen179
LaTeX Font Info:    Redeclaring font encoding OML on input line 634.
LaTeX Font Info:    Redeclaring font encoding OMS on input line 635.
\macc@depth=\count145
\c@MaxMatrixCols=\count146
\dotsspace@=\muskip11
\c@parentequation=\count147
\dspbrk@lvl=\count148
\tag@help=\toks33
\row@=\count149
\column@=\count150
\maxfields@=\count151
\andhelp@=\toks34
\eqnshift@=\dimen180
\alignsep@=\dimen181
\tagshift@=\dimen182
\tagwidth@=\dimen183
\totwidth@=\dimen184
\lineht@=\dimen185
\@envbody=\toks35
\multlinegap=\skip52
\multlinetaggap=\skip53
\mathdisplay@stack=\toks36
LaTeX Info: Redefining \[ on input line 2739.
LaTeX Info: Redefining \] on input line 2740.
)
(/opt/local/share/texmf-texlive/tex/latex/amscls/amsthm.sty
Package: amsthm 2015/03/04 v2.20.2
\thm@style=\toks37
\thm@bodyfont=\toks38
\thm@headfont=\toks39
\thm@notefont=\toks40
\thm@headpunct=\toks41
\thm@preskip=\skip54
\thm@postskip=\skip55
\thm@headsep=\skip56
\dth@everypar=\toks42
)
\c@theorem=\count152
)
(/opt/local/share/texmf-texlive/tex/latex/beamer/beamerbasethemes.sty
Package: beamerbasethemes 2010/05/01  (rcs-revision efa082c6111d)
))
(/opt/local/share/texmf-texlive/tex/latex/beamer/themes/theme/beamerthemedefaul
t.sty
Package: beamerthemedefault 2010/06/17  (rcs-revision d02a7cf4d8ae)

(/opt/local/share/texmf-texlive/tex/latex/beamer/themes/font/beamerfontthemedef
ault.sty
Package: beamerfontthemedefault 2012/12/19  (rcs-revision 1686da3db3c9)
)
(/opt/local/share/texmf-texlive/tex/latex/beamer/themes/color/beamercolorthemed
efault.sty
Package: beamercolorthemedefault 2012/12/19  (rcs-revision 1686da3db3c9)
)
(/opt/local/share/texmf-texlive/tex/latex/beamer/themes/inner/beamerinnerthemed
efault.sty
Package: beamerinnerthemedefault 2014/06/30  (rcs-revision 580088513a67)

pdfTeX warning (Object streams): \pdfobjcompresslevel > 0 requires \pdfminorver
sion > 4. Object streams disabled now.
\beamer@dima=\dimen186
\beamer@dimb=\dimen187
)
(/opt/local/share/texmf-texlive/tex/latex/beamer/themes/outer/beamerouterthemed
efault.sty
Package: beamerouterthemedefault 2012/12/19  (rcs-revision 1686da3db3c9)
))) (/opt/local/share/texmf-texlive/tex/latex/fancybox/fancybox.sty
Package: fancybox 2010/05/15 1.4

Style option: `fancybox' v1.4 <2010/05/15> (tvz)
\@fancybox=\box53
\shadowsize=\dimen188
\@Sbox=\box54
\do@VerbBox=\toks43
\the@fancyput=\toks44
\this@fancyput=\toks45
\EndVerbatimTokens=\toks46
\Verbatim@Outfile=\write5
\Verbatim@Infile=\read2
)
(/opt/local/share/texmf-texlive/tex/latex/beamer/themes/theme/beamerthemeTempla
teMIA.sty (/opt/local/share/texmf-texlive/tex/latex/textpos/textpos.sty
Package: textpos 2014/01/03 v1.7j

Package: textpos 2014/01/03 1.7j, absolute positioning of text on the page
\TP@textbox=\box55
\TP@holdbox=\box56
\TPHorizModule=\dimen189
\TPVertModule=\dimen190
\TP@margin=\dimen191
\TP@absmargin=\dimen192
Grid set 16 x 16 = 22.7622pt x 17.07166pt
\TPboxrulesize=\dimen193
\TP@ox=\dimen194
\TP@oy=\dimen195
\TP@tbargs=\toks47
\TP@prevdepth=\dimen196
TextBlockOrigin set to 0pt x 0pt
)) (/opt/local/share/texmf-texlive/tex/latex/base/inputenc.sty
Package: inputenc 2015/03/17 v1.2c Input encoding file
\inpenc@prehook=\toks48
\inpenc@posthook=\toks49

(/opt/local/share/texmf-texlive/tex/latex/base/utf8.def
File: utf8.def 2016/02/28 v1.1s UTF-8 support for inputenc
Now handling font encoding OML ...
... no UTF-8 mapping file for font encoding OML
Now handling font encoding T1 ...
... processing UTF-8 mapping file for font encoding T1

(/opt/local/share/texmf-texlive/tex/latex/base/t1enc.dfu
File: t1enc.dfu 2016/02/28 v1.1s UTF-8 support for inputenc
   defining Unicode char U+00A0 (decimal 160)
   defining Unicode char U+00A1 (decimal 161)
   defining Unicode char U+00A3 (decimal 163)
   defining Unicode char U+00AB (decimal 171)
   defining Unicode char U+00AD (decimal 173)
   defining Unicode char U+00BB (decimal 187)
   defining Unicode char U+00BF (decimal 191)
   defining Unicode char U+00C0 (decimal 192)
   defining Unicode char U+00C1 (decimal 193)
   defining Unicode char U+00C2 (decimal 194)
   defining Unicode char U+00C3 (decimal 195)
   defining Unicode char U+00C4 (decimal 196)
   defining Unicode char U+00C5 (decimal 197)
   defining Unicode char U+00C6 (decimal 198)
   defining Unicode char U+00C7 (decimal 199)
   defining Unicode char U+00C8 (decimal 200)
   defining Unicode char U+00C9 (decimal 201)
   defining Unicode char U+00CA (decimal 202)
   defining Unicode char U+00CB (decimal 203)
   defining Unicode char U+00CC (decimal 204)
   defining Unicode char U+00CD (decimal 205)
   defining Unicode char U+00CE (decimal 206)
   defining Unicode char U+00CF (decimal 207)
   defining Unicode char U+00D0 (decimal 208)
   defining Unicode char U+00D1 (decimal 209)
   defining Unicode char U+00D2 (decimal 210)
   defining Unicode char U+00D3 (decimal 211)
   defining Unicode char U+00D4 (decimal 212)
   defining Unicode char U+00D5 (decimal 213)
   defining Unicode char U+00D6 (decimal 214)
   defining Unicode char U+00D8 (decimal 216)
   defining Unicode char U+00D9 (decimal 217)
   defining Unicode char U+00DA (decimal 218)
   defining Unicode char U+00DB (decimal 219)
   defining Unicode char U+00DC (decimal 220)
   defining Unicode char U+00DD (decimal 221)
   defining Unicode char U+00DE (decimal 222)
   defining Unicode char U+00DF (decimal 223)
   defining Unicode char U+00E0 (decimal 224)
   defining Unicode char U+00E1 (decimal 225)
   defining Unicode char U+00E2 (decimal 226)
   defining Unicode char U+00E3 (decimal 227)
   defining Unicode char U+00E4 (decimal 228)
   defining Unicode char U+00E5 (decimal 229)
   defining Unicode char U+00E6 (decimal 230)
   defining Unicode char U+00E7 (decimal 231)
   defining Unicode char U+00E8 (decimal 232)
   defining Unicode char U+00E9 (decimal 233)
   defining Unicode char U+00EA (decimal 234)
   defining Unicode char U+00EB (decimal 235)
   defining Unicode char U+00EC (decimal 236)
   defining Unicode char U+00ED (decimal 237)
   defining Unicode char U+00EE (decimal 238)
   defining Unicode char U+00EF (decimal 239)
   defining Unicode char U+00F0 (decimal 240)
   defining Unicode char U+00F1 (decimal 241)
   defining Unicode char U+00F2 (decimal 242)
   defining Unicode char U+00F3 (decimal 243)
   defining Unicode char U+00F4 (decimal 244)
   defining Unicode char U+00F5 (decimal 245)
   defining Unicode char U+00F6 (decimal 246)
   defining Unicode char U+00F8 (decimal 248)
   defining Unicode char U+00F9 (decimal 249)
   defining Unicode char U+00FA (decimal 250)
   defining Unicode char U+00FB (decimal 251)
   defining Unicode char U+00FC (decimal 252)
   defining Unicode char U+00FD (decimal 253)
   defining Unicode char U+00FE (decimal 254)
   defining Unicode char U+00FF (decimal 255)
   defining Unicode char U+0100 (decimal 256)
   defining Unicode char U+0101 (decimal 257)
   defining Unicode char U+0102 (decimal 258)
   defining Unicode char U+0103 (decimal 259)
   defining Unicode char U+0104 (decimal 260)
   defining Unicode char U+0105 (decimal 261)
   defining Unicode char U+0106 (decimal 262)
   defining Unicode char U+0107 (decimal 263)
   defining Unicode char U+0108 (decimal 264)
   defining Unicode char U+0109 (decimal 265)
   defining Unicode char U+010A (decimal 266)
   defining Unicode char U+010B (decimal 267)
   defining Unicode char U+010C (decimal 268)
   defining Unicode char U+010D (decimal 269)
   defining Unicode char U+010E (decimal 270)
   defining Unicode char U+010F (decimal 271)
   defining Unicode char U+0110 (decimal 272)
   defining Unicode char U+0111 (decimal 273)
   defining Unicode char U+0112 (decimal 274)
   defining Unicode char U+0113 (decimal 275)
   defining Unicode char U+0114 (decimal 276)
   defining Unicode char U+0115 (decimal 277)
   defining Unicode char U+0116 (decimal 278)
   defining Unicode char U+0117 (decimal 279)
   defining Unicode char U+0118 (decimal 280)
   defining Unicode char U+0119 (decimal 281)
   defining Unicode char U+011A (decimal 282)
   defining Unicode char U+011B (decimal 283)
   defining Unicode char U+011C (decimal 284)
   defining Unicode char U+011D (decimal 285)
   defining Unicode char U+011E (decimal 286)
   defining Unicode char U+011F (decimal 287)
   defining Unicode char U+0120 (decimal 288)
   defining Unicode char U+0121 (decimal 289)
   defining Unicode char U+0122 (decimal 290)
   defining Unicode char U+0123 (decimal 291)
   defining Unicode char U+0124 (decimal 292)
   defining Unicode char U+0125 (decimal 293)
   defining Unicode char U+0128 (decimal 296)
   defining Unicode char U+0129 (decimal 297)
   defining Unicode char U+012A (decimal 298)
   defining Unicode char U+012B (decimal 299)
   defining Unicode char U+012C (decimal 300)
   defining Unicode char U+012D (decimal 301)
   defining Unicode char U+012E (decimal 302)
   defining Unicode char U+012F (decimal 303)
   defining Unicode char U+0130 (decimal 304)
   defining Unicode char U+0131 (decimal 305)
   defining Unicode char U+0132 (decimal 306)
   defining Unicode char U+0133 (decimal 307)
   defining Unicode char U+0134 (decimal 308)
   defining Unicode char U+0135 (decimal 309)
   defining Unicode char U+0136 (decimal 310)
   defining Unicode char U+0137 (decimal 311)
   defining Unicode char U+0139 (decimal 313)
   defining Unicode char U+013A (decimal 314)
   defining Unicode char U+013B (decimal 315)
   defining Unicode char U+013C (decimal 316)
   defining Unicode char U+013D (decimal 317)
   defining Unicode char U+013E (decimal 318)
   defining Unicode char U+0141 (decimal 321)
   defining Unicode char U+0142 (decimal 322)
   defining Unicode char U+0143 (decimal 323)
   defining Unicode char U+0144 (decimal 324)
   defining Unicode char U+0145 (decimal 325)
   defining Unicode char U+0146 (decimal 326)
   defining Unicode char U+0147 (decimal 327)
   defining Unicode char U+0148 (decimal 328)
   defining Unicode char U+014A (decimal 330)
   defining Unicode char U+014B (decimal 331)
   defining Unicode char U+014C (decimal 332)
   defining Unicode char U+014D (decimal 333)
   defining Unicode char U+014E (decimal 334)
   defining Unicode char U+014F (decimal 335)
   defining Unicode char U+0150 (decimal 336)
   defining Unicode char U+0151 (decimal 337)
   defining Unicode char U+0152 (decimal 338)
   defining Unicode char U+0153 (decimal 339)
   defining Unicode char U+0154 (decimal 340)
   defining Unicode char U+0155 (decimal 341)
   defining Unicode char U+0156 (decimal 342)
   defining Unicode char U+0157 (decimal 343)
   defining Unicode char U+0158 (decimal 344)
   defining Unicode char U+0159 (decimal 345)
   defining Unicode char U+015A (decimal 346)
   defining Unicode char U+015B (decimal 347)
   defining Unicode char U+015C (decimal 348)
   defining Unicode char U+015D (decimal 349)
   defining Unicode char U+015E (decimal 350)
   defining Unicode char U+015F (decimal 351)
   defining Unicode char U+0160 (decimal 352)
   defining Unicode char U+0161 (decimal 353)
   defining Unicode char U+0162 (decimal 354)
   defining Unicode char U+0163 (decimal 355)
   defining Unicode char U+0164 (decimal 356)
   defining Unicode char U+0165 (decimal 357)
   defining Unicode char U+0168 (decimal 360)
   defining Unicode char U+0169 (decimal 361)
   defining Unicode char U+016A (decimal 362)
   defining Unicode char U+016B (decimal 363)
   defining Unicode char U+016C (decimal 364)
   defining Unicode char U+016D (decimal 365)
   defining Unicode char U+016E (decimal 366)
   defining Unicode char U+016F (decimal 367)
   defining Unicode char U+0170 (decimal 368)
   defining Unicode char U+0171 (decimal 369)
   defining Unicode char U+0172 (decimal 370)
   defining Unicode char U+0173 (decimal 371)
   defining Unicode char U+0174 (decimal 372)
   defining Unicode char U+0175 (decimal 373)
   defining Unicode char U+0176 (decimal 374)
   defining Unicode char U+0177 (decimal 375)
   defining Unicode char U+0178 (decimal 376)
   defining Unicode char U+0179 (decimal 377)
   defining Unicode char U+017A (decimal 378)
   defining Unicode char U+017B (decimal 379)
   defining Unicode char U+017C (decimal 380)
   defining Unicode char U+017D (decimal 381)
   defining Unicode char U+017E (decimal 382)
   defining Unicode char U+01CD (decimal 461)
   defining Unicode char U+01CE (decimal 462)
   defining Unicode char U+01CF (decimal 463)
   defining Unicode char U+01D0 (decimal 464)
   defining Unicode char U+01D1 (decimal 465)
   defining Unicode char U+01D2 (decimal 466)
   defining Unicode char U+01D3 (decimal 467)
   defining Unicode char U+01D4 (decimal 468)
   defining Unicode char U+01E2 (decimal 482)
   defining Unicode char U+01E3 (decimal 483)
   defining Unicode char U+01E6 (decimal 486)
   defining Unicode char U+01E7 (decimal 487)
   defining Unicode char U+01E8 (decimal 488)
   defining Unicode char U+01E9 (decimal 489)
   defining Unicode char U+01EA (decimal 490)
   defining Unicode char U+01EB (decimal 491)
   defining Unicode char U+01F0 (decimal 496)
   defining Unicode char U+01F4 (decimal 500)
   defining Unicode char U+01F5 (decimal 501)
   defining Unicode char U+0218 (decimal 536)
   defining Unicode char U+0219 (decimal 537)
   defining Unicode char U+021A (decimal 538)
   defining Unicode char U+021B (decimal 539)
   defining Unicode char U+1E02 (decimal 7682)
   defining Unicode char U+1E03 (decimal 7683)
   defining Unicode char U+200C (decimal 8204)
   defining Unicode char U+2010 (decimal 8208)
   defining Unicode char U+2011 (decimal 8209)
   defining Unicode char U+2012 (decimal 8210)
   defining Unicode char U+2013 (decimal 8211)
   defining Unicode char U+2014 (decimal 8212)
   defining Unicode char U+2015 (decimal 8213)
   defining Unicode char U+2018 (decimal 8216)
   defining Unicode char U+2019 (decimal 8217)
   defining Unicode char U+201A (decimal 8218)
   defining Unicode char U+201C (decimal 8220)
   defining Unicode char U+201D (decimal 8221)
   defining Unicode char U+201E (decimal 8222)
   defining Unicode char U+2030 (decimal 8240)
   defining Unicode char U+2031 (decimal 8241)
   defining Unicode char U+2039 (decimal 8249)
   defining Unicode char U+203A (decimal 8250)
   defining Unicode char U+2423 (decimal 9251)
)
Now handling font encoding OT1 ...
... processing UTF-8 mapping file for font encoding OT1

(/opt/local/share/texmf-texlive/tex/latex/base/ot1enc.dfu
File: ot1enc.dfu 2016/02/28 v1.1s UTF-8 support for inputenc
   defining Unicode char U+00A0 (decimal 160)
   defining Unicode char U+00A1 (decimal 161)
   defining Unicode char U+00A3 (decimal 163)
   defining Unicode char U+00AD (decimal 173)
   defining Unicode char U+00B8 (decimal 184)
   defining Unicode char U+00BF (decimal 191)
   defining Unicode char U+00C5 (decimal 197)
   defining Unicode char U+00C6 (decimal 198)
   defining Unicode char U+00D8 (decimal 216)
   defining Unicode char U+00DF (decimal 223)
   defining Unicode char U+00E6 (decimal 230)
   defining Unicode char U+00EC (decimal 236)
   defining Unicode char U+00ED (decimal 237)
   defining Unicode char U+00EE (decimal 238)
   defining Unicode char U+00EF (decimal 239)
   defining Unicode char U+00F8 (decimal 248)
   defining Unicode char U+0131 (decimal 305)
   defining Unicode char U+0141 (decimal 321)
   defining Unicode char U+0142 (decimal 322)
   defining Unicode char U+0152 (decimal 338)
   defining Unicode char U+0153 (decimal 339)
   defining Unicode char U+0174 (decimal 372)
   defining Unicode char U+0175 (decimal 373)
   defining Unicode char U+0176 (decimal 374)
   defining Unicode char U+0177 (decimal 375)
   defining Unicode char U+0218 (decimal 536)
   defining Unicode char U+0219 (decimal 537)
   defining Unicode char U+021A (decimal 538)
   defining Unicode char U+021B (decimal 539)
   defining Unicode char U+2013 (decimal 8211)
   defining Unicode char U+2014 (decimal 8212)
   defining Unicode char U+2018 (decimal 8216)
   defining Unicode char U+2019 (decimal 8217)
   defining Unicode char U+201C (decimal 8220)
   defining Unicode char U+201D (decimal 8221)
)
Now handling font encoding OMS ...
... processing UTF-8 mapping file for font encoding OMS

(/opt/local/share/texmf-texlive/tex/latex/base/omsenc.dfu
File: omsenc.dfu 2016/02/28 v1.1s UTF-8 support for inputenc
   defining Unicode char U+00A7 (decimal 167)
   defining Unicode char U+00B6 (decimal 182)
   defining Unicode char U+00B7 (decimal 183)
   defining Unicode char U+2020 (decimal 8224)
   defining Unicode char U+2021 (decimal 8225)
   defining Unicode char U+2022 (decimal 8226)
)
Now handling font encoding OMX ...
... no UTF-8 mapping file for font encoding OMX
Now handling font encoding U ...
... no UTF-8 mapping file for font encoding U
Now handling font encoding PD1 ...
... no UTF-8 mapping file for font encoding PD1
   defining Unicode char U+00A9 (decimal 169)
   defining Unicode char U+00AA (decimal 170)
   defining Unicode char U+00AE (decimal 174)
   defining Unicode char U+00BA (decimal 186)
   defining Unicode char U+02C6 (decimal 710)
   defining Unicode char U+02DC (decimal 732)
   defining Unicode char U+200C (decimal 8204)
   defining Unicode char U+2026 (decimal 8230)
   defining Unicode char U+2122 (decimal 8482)
   defining Unicode char U+2423 (decimal 9251)
))
(/opt/local/share/texmf-texlive/tex/latex/tools/tabularx.sty
Package: tabularx 2016/02/03 v2.11 `tabularx' package (DPC)

(/opt/local/share/texmf-texlive/tex/latex/tools/array.sty
Package: array 2014/10/28 v2.4c Tabular extension package (FMi)
\col@sep=\dimen197
\extrarowheight=\dimen198
\NC@list=\toks50
\extratabsurround=\skip57
\backup@length=\skip58
)
\TX@col@width=\dimen199
\TX@old@table=\dimen256
\TX@old@col=\dimen257
\TX@target=\dimen258
\TX@delta=\dimen259
\TX@cols=\count153
\TX@ftn=\toks51
)
(/opt/local/share/texmf-texlive/tex/latex/media9/media9.sty
(/opt/local/share/texmf-texlive/tex/latex/l3kernel/expl3.sty
Package: expl3 2016/05/18 v6512 L3 programming layer (loader) 

(/opt/local/share/texmf-texlive/tex/latex/l3kernel/expl3-code.tex
Package: expl3 2016/05/18 v6512 L3 programming layer (code)
L3 Module: l3bootstrap 2016/02/12 v6412 L3 Bootstrap code
L3 Module: l3names 2016/03/11 v6433 L3 Namespace for primitives
L3 Module: l3basics 2015/11/22 v6315 L3 Basic definitions
L3 Module: l3expan 2015/09/10 v5983 L3 Argument expansion
L3 Module: l3tl 2016/03/26 v6465 L3 Token lists
L3 Module: l3str 2016/03/24 v6441 L3 Strings
L3 Module: l3seq 2015/08/05 v5777 L3 Sequences and stacks
L3 Module: l3int 2016/03/24 v6441 L3 Integers
\c_max_int=\count154
\l_tmpa_int=\count155
\l_tmpb_int=\count156
\g_tmpa_int=\count157
\g_tmpb_int=\count158
L3 Module: l3quark 2015/08/17 v5855 L3 Quarks
L3 Module: l3prg 2015/11/01 v6216 L3 Control structures
\g__prg_map_int=\count159
L3 Module: l3clist 2015/09/02 v5901 L3 Comma separated lists
L3 Module: l3token 2016/04/03 v6470 L3 Experimental token manipulation
L3 Module: l3prop 2016/01/05 v6366 L3 Property lists
L3 Module: l3msg 2016/03/26 v6464 L3 Messages
L3 Module: l3file 2016/03/25 v6458 L3 File and I/O operations
\l_iow_line_count_int=\count160
\l__iow_target_count_int=\count161
\l__iow_current_line_int=\count162
\l__iow_current_word_int=\count163
\l__iow_current_indentation_int=\count164
L3 Module: l3skip 2016/01/05 v6366 L3 Dimensions and skips
\c_zero_dim=\dimen260
\c_max_dim=\dimen261
\l_tmpa_dim=\dimen262
\l_tmpb_dim=\dimen263
\g_tmpa_dim=\dimen264
\g_tmpb_dim=\dimen265
\c_zero_skip=\skip59
\c_max_skip=\skip60
\l_tmpa_skip=\skip61
\l_tmpb_skip=\skip62
\g_tmpa_skip=\skip63
\g_tmpb_skip=\skip64
\c_zero_muskip=\muskip12
\c_max_muskip=\muskip13
\l_tmpa_muskip=\muskip14
\l_tmpb_muskip=\muskip15
\g_tmpa_muskip=\muskip16
\g_tmpb_muskip=\muskip17
L3 Module: l3keys 2015/11/17 v6284 L3 Key-value interfaces
\g__keyval_level_int=\count165
\l_keys_choice_int=\count166
L3 Module: l3fp 2016/03/26 v6465 L3 Floating points
\c__fp_leading_shift_int=\count167
\c__fp_middle_shift_int=\count168
\c__fp_trailing_shift_int=\count169
\c__fp_big_leading_shift_int=\count170
\c__fp_big_middle_shift_int=\count171
\c__fp_big_trailing_shift_int=\count172
\c__fp_Bigg_leading_shift_int=\count173
\c__fp_Bigg_middle_shift_int=\count174
\c__fp_Bigg_trailing_shift_int=\count175
L3 Module: l3box 2015/08/09 v5822 L3 Experimental boxes
\c_empty_box=\box57
\l_tmpa_box=\box58
\l_tmpb_box=\box59
\g_tmpa_box=\box60
\g_tmpb_box=\box61
L3 Module: l3coffins 2016/05/17 v6508 L3 Coffin code layer
\l__coffin_internal_box=\box62
\l__coffin_internal_dim=\dimen266
\l__coffin_offset_x_dim=\dimen267
\l__coffin_offset_y_dim=\dimen268
\l__coffin_x_dim=\dimen269
\l__coffin_y_dim=\dimen270
\l__coffin_x_prime_dim=\dimen271
\l__coffin_y_prime_dim=\dimen272
\c_empty_coffin=\box63
\l__coffin_aligned_coffin=\box64
\l__coffin_aligned_internal_coffin=\box65
\l_tmpa_coffin=\box66
\l_tmpb_coffin=\box67
\l__coffin_display_coffin=\box68
\l__coffin_display_coord_coffin=\box69
\l__coffin_display_pole_coffin=\box70
\l__coffin_display_offset_dim=\dimen273
\l__coffin_display_x_dim=\dimen274
\l__coffin_display_y_dim=\dimen275
L3 Module: l3color 2014/08/23 v5354 L3 Experimental color support
L3 Module: l3sys 2015/09/25 v6087 L3 Experimental system/runtime functions
L3 Module: l3candidates 2016/05/13 v6484 L3 Experimental additions to l3kernel
\l__box_top_dim=\dimen276
\l__box_bottom_dim=\dimen277
\l__box_left_dim=\dimen278
\l__box_right_dim=\dimen279
\l__box_top_new_dim=\dimen280
\l__box_bottom_new_dim=\dimen281
\l__box_left_new_dim=\dimen282
\l__box_right_new_dim=\dimen283
\l__box_internal_box=\box71
\l__coffin_bounding_shift_dim=\dimen284
\l__coffin_left_corner_dim=\dimen285
\l__coffin_right_corner_dim=\dimen286
\l__coffin_bottom_corner_dim=\dimen287
\l__coffin_top_corner_dim=\dimen288
\l__coffin_scaled_total_height_dim=\dimen289
\l__coffin_scaled_width_dim=\dimen290
L3 Module: l3luatex 2016/03/26 v6465 L3 Experimental LuaTeX-specific functions
)
(/opt/local/share/texmf-texlive/tex/latex/l3kernel/l3pdfmode.def
File: l3pdfmode.def 2016/03/26 v6465 L3 Experimental driver: PDF mode
\l__driver_color_stack_int=\count176
\l__driver_tmp_box=\box72
))
(/opt/local/share/texmf-texlive/tex/latex/l3experimental/l3str/l3regex.sty
Package: l3regex 2016/05/14 v6492 L3 Experimental regular expressions

(/opt/local/share/texmf-texlive/tex/latex/l3experimental/l3str/l3tl-build.sty
Package: l3tl-build 2016/05/14 v6492 L3 Experimental token list construction
\l__tl_build_start_index_int=\count177
\l__tl_build_index_int=\count178
)
(/opt/local/share/texmf-texlive/tex/latex/l3experimental/l3str/l3tl-analysis.st
y
Package: l3tl-analysis 2016/03/24 v6443 L3 Experimental token lists analysis
\l__tl_analysis_normal_int=\count179
\l__tl_analysis_index_int=\count180
\l__tl_analysis_nesting_int=\count181
\l__tl_analysis_type_int=\count182
) (/opt/local/share/texmf-texlive/tex/latex/l3experimental/l3str/l3flag.sty
Package: l3flag 2016/05/14 v6492 L3 Experimental flags
)
(/opt/local/share/texmf-texlive/tex/latex/l3experimental/l3str/l3str-convert.st
y
Package: l3str-convert 2016/03/24 v6443 L3 Experimental string encoding convers
ions
\l__str_internal_int=\count183
\c__str_replacement_char_int=\count184
)
\l__regex_internal_a_int=\count185
\l__regex_internal_b_int=\count186
\l__regex_internal_c_int=\count187
\l__regex_balance_int=\count188
\l__regex_group_level_int=\count189
\l__regex_mode_int=\count190
\l__regex_catcodes_int=\count191
\l__regex_default_catcodes_int=\count192
\c__regex_catcode_D_int=\count193
\c__regex_catcode_S_int=\count194
\c__regex_catcode_L_int=\count195
\c__regex_catcode_O_int=\count196
\c__regex_catcode_A_int=\count197
\c__regex_all_catcodes_int=\count198
\l__regex_show_lines_int=\count199
\l__regex_min_state_int=\count266
\l__regex_max_state_int=\count267
\l__regex_left_state_int=\count268
\l__regex_right_state_int=\count269
\l__regex_capturing_group_int=\count270
\l__regex_min_pos_int=\count271
\l__regex_max_pos_int=\count272
\l__regex_current_pos_int=\count273
\l__regex_start_pos_int=\count274
\l__regex_success_pos_int=\count275
\l__regex_current_char_int=\count276
\l__regex_current_catcode_int=\count277
\l__regex_last_char_int=\count278
\l__regex_case_changed_char_int=\count279
\l__regex_current_state_int=\count280
\l__regex_step_int=\count281
\l__regex_min_active_int=\count282
\l__regex_max_active_int=\count283
\l__regex_replacement_csnames_int=\count284
\l__regex_match_count_int=\count285
\l__regex_submatch_int=\count286
\l__regex_zeroth_submatch_int=\count287
) (/opt/local/share/texmf-texlive/tex/latex/l3packages/l3keys2e/l3keys2e.sty
Package: l3keys2e 2016/05/18 v6512 LaTeX2e option processing using LaTeX3 keys
) (/opt/local/share/texmf-texlive/tex/latex/l3packages/xparse/xparse.sty
Package: xparse 2016/05/18 v6512 L3 Experimental document command parser
\l__xparse_current_arg_int=\count288
\l__xparse_m_args_int=\count289
\l__xparse_mandatory_args_int=\count290
\l__xparse_processor_int=\count291
\l__xparse_v_nesting_int=\count292
)
(/opt/local/share/texmf-texlive/tex/latex/oberdiek/atenddvi.sty
Package: atenddvi 2016/05/16 v1.2 At end DVI hook (HO)

(/opt/local/share/texmf-texlive/tex/latex/oberdiek/zref-abspage.sty
Package: zref-abspage 2016/05/16 v2.25 Module abspage for zref (HO)

(/opt/local/share/texmf-texlive/tex/latex/oberdiek/zref-base.sty
Package: zref-base 2016/05/16 v2.25 Module base for zref (HO)
Package zref Info: New property list: main on input line 759.
Package zref Info: New property: default on input line 760.
Package zref Info: New property: page on input line 761.
)
\c@abspage=\count293
Package zref Info: New property: abspage on input line 62.
)
(/opt/local/share/texmf-texlive/tex/latex/oberdiek/zref-lastpage.sty
Package: zref-lastpage 2016/05/16 v2.25 Module lastpage for zref (HO)
Package zref Info: New property list: LastPage on input line 55.
))
Package: media9 2016/03/22 v0.68 acrobat-9/X compatible media
\g_mix_pkgresizeflag_int=\count294

(/opt/local/share/texmf-texlive/tex/latex/media9/pdfbase.sty
Package: pdfbase 2016/03/22 v0.8 driver independent access to low-level PDF fea
tures
\g_pbs_oc_int=\count295
)
(/opt/local/share/texmf-texlive/tex/latex/ocgx2/ocgbase.sty
Package: ocgbase 2016/03/11 v0.6 support package for ocgx2.sty
)
\l_mix_poster_box=\box73
\g_mix_wd_dim=\dimen291
\g_mix_ht_dim=\dimen292
\g_mix_dp_dim=\dimen293
\g_mix_rmcnt_int=\count296
\l_mix_viewcnt_int=\count297
\g@mix@page@int=\count298
\g_mix_resizeflag_int=\count299
\l_mix_lineno_int=\count300
.................................................
. LaTeX info: "xparse/define-command"
. 
. Defining command \addmediapath with sig. 'm' on line 818.
.................................................
\l_mix_pbtn_box=\box74
\mix@btn@dim=\dimen294
.................................................
. LaTeX info: "xparse/define-command"
. 
. Defining command \includemedia with sig. 'O{}mm' on line 1210.
.................................................
\g_mix_mbtncnt_int=\count301
.................................................
. LaTeX info: "xparse/define-command"
. 
. Defining command \mediabutton with sig. 'O{}m' on line 2416.
.................................................
)
Package hyperref Info: Option `colorlinks' set `true' on input line 22.

(/opt/local/share/texmf-texlive/tex/latex/doublestroke/dsfont.sty
Package: dsfont 1995/08/01 v0.1 Double stroke roman fonts
)
(/opt/local/share/texmf/tex/latex/pgf/basiclayer/pgf.sty
Package: pgf 2015/08/07 v3.0.1 (rcs-revision 1.15)

(/opt/local/share/texmf/tex/generic/pgf/modules/pgfmoduleshapes.code.tex
File: pgfmoduleshapes.code.tex 2014/03/21  (rcs-revision 1.35)
\pgfnodeparttextbox=\box75
)
(/opt/local/share/texmf/tex/generic/pgf/modules/pgfmoduleplot.code.tex
File: pgfmoduleplot.code.tex 2015/08/03  (rcs-revision 1.13)
)
(/opt/local/share/texmf/tex/latex/pgf/compatibility/pgfcomp-version-0-65.sty
Package: pgfcomp-version-0-65 2007/07/03 v3.0.1 (rcs-revision 1.7)
\pgf@nodesepstart=\dimen295
\pgf@nodesepend=\dimen296
)
(/opt/local/share/texmf/tex/latex/pgf/compatibility/pgfcomp-version-1-18.sty
Package: pgfcomp-version-1-18 2007/07/23 v3.0.1 (rcs-revision 1.1)
))
(/opt/local/share/texmf-texlive/tex/latex/animate/animate.sty
Package: animate 2016/04/15 PDF animations from files and inline graphics

(/opt/local/share/texmf-texlive/tex/latex/base/ifthen.sty
Package: ifthen 2014/09/29 v1.1c Standard LaTeX ifthen package (DPC)
)
(/opt/local/share/texmf-texlive/tex/latex/oberdiek/ifdraft.sty
Package: ifdraft 2016/05/16 v1.4 Detect class options draft and final (HO)
)
(/opt/local/share/texmf-texlive/tex/latex/tools/calc.sty
Package: calc 2014/10/28 v4.3 Infix arithmetic (KKT,FJ)
\calc@Acount=\count302
\calc@Bcount=\count303
\calc@Adimen=\dimen297
\calc@Bdimen=\dimen298
\calc@Askip=\skip65
\calc@Bskip=\skip66
LaTeX Info: Redefining \setlength on input line 80.
LaTeX Info: Redefining \addtolength on input line 81.
\calc@Ccount=\count304
\calc@Cskip=\skip67
)
(/opt/local/share/texmf-texlive/tex/latex/animate/animfp.sty
Package: animfp 2009/07/23 fixed point addition for animate.sty
\afp@xs=\count305
\afp@xia=\count306
\afp@xib=\count307
\afp@xfa=\count308
\afp@xfb=\count309
\afp@rega=\count310
\afp@regb=\count311
\afp@regs=\count312
)
(/opt/local/share/texmf-texlive/tex/context/base/mkii/supp-pdf.mkii
[Loading MPS to PDF converter (version 2006.09.02).]
\scratchcounter=\count313
\scratchdimen=\dimen299
\scratchbox=\box76
\nofMPsegments=\count314
\nofMParguments=\count315
\everyMPshowfont=\toks52
\MPscratchCnt=\count316
\MPscratchDim=\dimen300
\MPnumerator=\count317
\makeMPintoPDFobject=\count318
\everyMPtoPDFconversion=\toks53
)
\@anim@box=\box77
\@anim@measbox=\box78
\@anim@tmpdima=\dimen301
\@anim@tmpdimb=\dimen302
\@anim@num=\count319
\@anim@curframe=\count320
\@anim@curframe@zb=\count321
\@anim@resizeflags=\count322
\@anim@skipfram=\count323
\@anim@mulframecnt=\count324
\@anim@@tmlnfile=\read3
\@anim@tmpcnt=\count325
\c@@anim@ltxcnt=\count326
\@anim@curlayer=\count327
\@anim@lineno=\count328
\@anim@curfield=\count329
\@anim@@resizeflags=\count330
) (/Users/csaintje/Library/texmf/tex/latex/algorithm2e.sty
Package: algorithm2e 2008/00/00 v3.10 algorithms environments
\c@AlgoLine=\count331

(/opt/local/share/texmf-texlive/tex/latex/tools/xspace.sty
Package: xspace 2014/10/28 v1.13 Space after command names (DPC,MH)
)
(/opt/local/share/texmf-texlive/tex/latex/relsize/relsize.sty
Package: relsize 2013/03/29 ver 4.1
)
********************************************************
Package `algorithm2e' Release 4.01 -- december 14 2009 --
- algorithm2e-announce@lirmm.fr mailing list for announcement about releases
- algorithm2e-discussion@lirmm.fr mailing list for discussion about package
subscribe by emailing sympa@lirmm.fr with 'subscribe <list> <firstname name>'
- Author: Christophe Fiorio (fiorio@lirmm.fr)
********************************************************
\skiptotal=\skip68
\skiplinenumber=\skip69
\skiprule=\skip70
\skiphlne=\skip71
\skiptext=\skip72
\skiplength=\skip73
\algomargin=\skip74
\skipalgocfslide=\skip75
\algowidth=\dimen303
\inoutsize=\dimen304
\inoutindent=\dimen305
\interspacetitleruled=\dimen306
\interspacealgoruled=\dimen307
\interspacetitleboxruled=\dimen308
\algocf@inoutbox=\box79
\algocf@inputbox=\box80
\AlCapSkip=\skip76
\AlCapHSkip=\skip77
\algocf@nlbox=\box81
\algocf@hangingbox=\box82
\algocf@capbox=\box83
\algoheightruledefault=\skip78
\algoheightrule=\skip79
\algotitleheightruledefault=\skip80
\algotitleheightrule=\skip81
\c@algocfline=\count332
\c@algocfproc=\count333
\c@algocf=\count334
\algocf@algoframe=\box84
\algocf@algobox=\box85
)
\c@definit=\count335
\c@definitfr=\count336
\c@consqfr=\count337
\c@theoremfr=\count338
\c@lemmafr=\count339
\c@prop=\count340
 (/opt/local/share/texmf/tex/latex/pgf/utilities/pgfpages.sty
Package: pgfpages 2011/01/05 ver 0.02
\pgf@logicalpages=\count341
\pgf@firstshipout=\count342
\pgf@lastshipout=\count343
\pgf@currentshipout=\count344
\pgf@cpn=\count345
\pgf@shipoutnextto=\count346
\pgfphysicalheight=\dimen309
\pgfphysicalwidth=\dimen310
\pgfpages@shipoutbox=\box86
) (./expose.aux)
\openout1 = `expose.aux'.

LaTeX Font Info:    Checking defaults for OML/cmm/m/it on input line 66.
LaTeX Font Info:    ... okay on input line 66.
LaTeX Font Info:    Checking defaults for T1/cmr/m/n on input line 66.
LaTeX Font Info:    ... okay on input line 66.
LaTeX Font Info:    Checking defaults for OT1/cmr/m/n on input line 66.
LaTeX Font Info:    ... okay on input line 66.
LaTeX Font Info:    Checking defaults for OMS/cmsy/m/n on input line 66.
LaTeX Font Info:    ... okay on input line 66.
LaTeX Font Info:    Checking defaults for OMX/cmex/m/n on input line 66.
LaTeX Font Info:    ... okay on input line 66.
LaTeX Font Info:    Checking defaults for U/cmr/m/n on input line 66.
LaTeX Font Info:    ... okay on input line 66.
LaTeX Font Info:    Checking defaults for PD1/pdf/m/n on input line 66.
LaTeX Font Info:    ... okay on input line 66.

*geometry* driver: auto-detecting
*geometry* detected driver: pdftex
*geometry* verbose mode - [ preamble ] result:
* driver: pdftex
* paper: custom
* layout: <same size as paper>
* layoutoffset:(h,v)=(0.0pt,0.0pt)
* modes: includehead includefoot 
* h-part:(L,W,R)=(28.45274pt, 307.28987pt, 28.45274pt)
* v-part:(T,H,B)=(14.22636pt, 258.92026pt, 0.0pt)
* \paperwidth=364.19536pt
* \paperheight=273.14662pt
* \textwidth=307.28987pt
* \textheight=230.46753pt
* \oddsidemargin=-43.81725pt
* \evensidemargin=-43.81725pt
* \topmargin=-58.04362pt
* \headheight=14.22636pt
* \headsep=0.0pt
* \topskip=11.0pt
* \footskip=14.22636pt
* \marginparwidth=4.0pt
* \marginparsep=10.0pt
* \columnsep=10.0pt
* \skip\footins=10.0pt plus 4.0pt minus 2.0pt
* \hoffset=0.0pt
* \voffset=0.0pt
* \mag=1000
* \@twocolumnfalse
* \@twosidefalse
* \@mparswitchfalse
* \@reversemarginfalse
* (1in=72.27pt=25.4mm, 1cm=28.453pt)

(/opt/local/share/texmf-texlive/tex/latex/oberdiek/epstopdf-base.sty
Package: epstopdf-base 2016/05/15 v2.6 Base part for package epstopdf

(/opt/local/share/texmf-texlive/tex/latex/oberdiek/grfext.sty
Package: grfext 2016/05/16 v1.2 Manage graphics extensions (HO)
)
Package grfext Info: Graphics extension search list:
(grfext)             [.png,.pdf,.jpg,.mps,.jpeg,.jbig2,.jb2,.PNG,.PDF,.JPG,.JPE
G,.JBIG2,.JB2,.eps]
(grfext)             \AppendGraphicsExtensions on input line 456.

(/opt/local/share/texmf-texlive/tex/latex/latexconfig/epstopdf-sys.cfg
File: epstopdf-sys.cfg 2010/07/13 v1.3 Configuration of (r)epstopdf for TeX Liv
e
))
ABD: EveryShipout initializing macros
\AtBeginShipoutBox=\box87
Package hyperref Info: Link coloring ON on input line 66.

(/opt/local/share/texmf-texlive/tex/latex/hyperref/nameref.sty
Package: nameref 2012/10/27 v2.43 Cross-referencing by name of section

(/opt/local/share/texmf-texlive/tex/generic/oberdiek/gettitlestring.sty
Package: gettitlestring 2016/05/16 v1.5 Cleanup title references (HO)
)
\c@section@level=\count347
)
LaTeX Info: Redefining \ref on input line 66.
LaTeX Info: Redefining \pageref on input line 66.
LaTeX Info: Redefining \nameref on input line 66.

(./expose.out) (./expose.out)
\@outlinefile=\write6
\openout6 = `expose.out'.

LaTeX Font Info:    Overwriting symbol font `operators' in version `normal'
(Font)                  OT1/cmr/m/n --> OT1/cmss/m/n on input line 66.
LaTeX Font Info:    Overwriting symbol font `operators' in version `bold'
(Font)                  OT1/cmr/bx/n --> OT1/cmss/bx/n on input line 66.
\symnumbers=\mathgroup6
\sympureletters=\mathgroup7
LaTeX Font Info:    Overwriting math alphabet `\mathrm' in version `normal'
(Font)                  OT1/cmss/m/n --> OT1/cmr/m/n on input line 66.
LaTeX Font Info:    Redeclaring math alphabet \mathbf on input line 66.
LaTeX Font Info:    Overwriting math alphabet `\mathbf' in version `normal'
(Font)                  OT1/cmr/bx/n --> OT1/cmss/bx/n on input line 66.
LaTeX Font Info:    Overwriting math alphabet `\mathbf' in version `bold'
(Font)                  OT1/cmr/bx/n --> OT1/cmss/bx/n on input line 66.
LaTeX Font Info:    Redeclaring math alphabet \mathsf on input line 66.
LaTeX Font Info:    Overwriting math alphabet `\mathsf' in version `normal'
(Font)                  OT1/cmss/m/n --> OT1/cmss/m/n on input line 66.
LaTeX Font Info:    Overwriting math alphabet `\mathsf' in version `bold'
(Font)                  OT1/cmss/bx/n --> OT1/cmss/m/n on input line 66.
LaTeX Font Info:    Redeclaring math alphabet \mathit on input line 66.
LaTeX Font Info:    Overwriting math alphabet `\mathit' in version `normal'
(Font)                  OT1/cmr/m/it --> OT1/cmss/m/it on input line 66.
LaTeX Font Info:    Overwriting math alphabet `\mathit' in version `bold'
(Font)                  OT1/cmr/bx/it --> OT1/cmss/m/it on input line 66.
LaTeX Font Info:    Redeclaring math alphabet \mathtt on input line 66.
LaTeX Font Info:    Overwriting math alphabet `\mathtt' in version `normal'
(Font)                  OT1/cmtt/m/n --> OT1/cmtt/m/n on input line 66.
LaTeX Font Info:    Overwriting math alphabet `\mathtt' in version `bold'
(Font)                  OT1/cmtt/m/n --> OT1/cmtt/m/n on input line 66.
LaTeX Font Info:    Overwriting symbol font `numbers' in version `bold'
(Font)                  OT1/cmss/m/n --> OT1/cmss/bx/n on input line 66.
LaTeX Font Info:    Overwriting symbol font `pureletters' in version `bold'
(Font)                  OT1/cmss/m/it --> OT1/cmss/bx/it on input line 66.
LaTeX Font Info:    Overwriting math alphabet `\mathrm' in version `bold'
(Font)                  OT1/cmss/bx/n --> OT1/cmr/bx/n on input line 66.
LaTeX Font Info:    Overwriting math alphabet `\mathbf' in version `bold'
(Font)                  OT1/cmss/bx/n --> OT1/cmss/bx/n on input line 66.
LaTeX Font Info:    Overwriting math alphabet `\mathsf' in version `bold'
(Font)                  OT1/cmss/m/n --> OT1/cmss/bx/n on input line 66.
LaTeX Font Info:    Overwriting math alphabet `\mathit' in version `bold'
(Font)                  OT1/cmss/m/it --> OT1/cmss/bx/it on input line 66.
LaTeX Font Info:    Overwriting math alphabet `\mathtt' in version `bold'
(Font)                  OT1/cmtt/m/n --> OT1/cmtt/bx/n on input line 66.
LaTeX Font Info:    Redeclaring symbol font `pureletters' on input line 66.
LaTeX Font Info:    Overwriting symbol font `pureletters' in version `normal'
(Font)                  OT1/cmss/m/it --> OT1/mathkerncmss/m/sl on input line 6
6.
LaTeX Font Info:    Overwriting symbol font `pureletters' in version `bold'
(Font)                  OT1/cmss/bx/it --> OT1/mathkerncmss/m/sl on input line 
66.
LaTeX Font Info:    Overwriting symbol font `pureletters' in version `bold'
(Font)                  OT1/mathkerncmss/m/sl --> OT1/mathkerncmss/bx/sl on inp
ut line 66.

(/opt/local/share/texmf-texlive/tex/latex/beamer/translator/dicts/translator-ba
sic-dictionary/translator-basic-dictionary-English.dict
Dictionary: translator-basic-dictionary, Language: English 
)
(/opt/local/share/texmf-texlive/tex/latex/beamer/translator/dicts/translator-bi
bliography-dictionary/translator-bibliography-dictionary-English.dict
Dictionary: translator-bibliography-dictionary, Language: English 
)
(/opt/local/share/texmf-texlive/tex/latex/beamer/translator/dicts/translator-en
vironment-dictionary/translator-environment-dictionary-English.dict
Dictionary: translator-environment-dictionary, Language: English 
)
(/opt/local/share/texmf-texlive/tex/latex/beamer/translator/dicts/translator-mo
nths-dictionary/translator-months-dictionary-English.dict
Dictionary: translator-months-dictionary, Language: English 
)
(/opt/local/share/texmf-texlive/tex/latex/beamer/translator/dicts/translator-nu
mbers-dictionary/translator-numbers-dictionary-English.dict
Dictionary: translator-numbers-dictionary, Language: English 
)
(/opt/local/share/texmf-texlive/tex/latex/beamer/translator/dicts/translator-th
eorem-dictionary/translator-theorem-dictionary-English.dict
Dictionary: translator-theorem-dictionary, Language: English 
)
LaTeX Info: Redefining \includegraphics on input line 66.
 (./expose.nav)
LaTeX Font Info:    Try loading font information for OT1+phv on input line 70.

(/opt/local/share/texmf-texlive/tex/latex/psnfss/ot1phv.fd
File: ot1phv.fd 2001/06/04 scalable font definitions for OT1/phv.
)
LaTeX Font Info:    Try loading font information for U+msa on input line 70.

(/opt/local/share/texmf-texlive/tex/latex/amsfonts/umsa.fd
File: umsa.fd 2013/01/14 v3.01 AMS symbols A
)
LaTeX Font Info:    Try loading font information for U+msb on input line 70.

(/opt/local/share/texmf-texlive/tex/latex/amsfonts/umsb.fd
File: umsb.fd 2013/01/14 v3.01 AMS symbols B
)
LaTeX Font Info:    Try loading font information for OT1+mathkerncmss on input 
line 70.

(/opt/local/share/texmf-texlive/tex/latex/sansmathaccent/ot1mathkerncmss.fd
File: ot1mathkerncmss.fd 2013/03/27 Fontinst v1.933 font definitions for OT1/ma
thkerncmss.
)
<Ressources/mia.png, id=14, 456.2646pt x 235.3593pt>
File: Ressources/mia.png Graphic file (type png)
 <use Ressources/mia.png>
Package pdftex.def Info: Ressources/mia.png used on input line 70.
(pdftex.def)             Requested size: 71.13188pt x 36.69218pt.
LaTeX Font Info:    Font shape `OT1/phv/bx/n' in size <11> not available
(Font)              Font shape `OT1/phv/b/n' tried instead on input line 70.

<Ressources/titre.pdf, id=16, 642.4pt x 481.8pt>
File: Ressources/titre.pdf Graphic file (type pdf)
 <use Ressources/titre.pdf>
Package pdftex.def Info: Ressources/titre.pdf used on input line 70.
(pdftex.def)             Requested size: 364.20155pt x 273.15115pt.

[1{/opt/local/var/db/texmf/fonts/map/pdftex/updmap/pdftex.map}

 </opt/local/share/texmf-texlive/tex/latex/beamer/themes/theme/Ressources/mia.p
ng> </opt/local/share/texmf-texlive/tex/latex/beamer/themes/theme/Ressources/ti
tre.pdf>]
\g__file_internal_ior=\read4
<<VPlayer.swf>><<videos//yolo.mp4>>
Underfull \hbox (badness 10000) detected at line 96
[]
 []

<Ressources/frame.pdf, id=51, 642.4pt x 481.8pt>
File: Ressources/frame.pdf Graphic file (type pdf)
 <use Ressources/frame.pdf>
Package pdftex.def Info: Ressources/frame.pdf used on input line 96.
(pdftex.def)             Requested size: 364.20155pt x 273.15115pt.


LaTeX Font Warning: Font shape `OT1/cmss/m/n' in size <4> not available
(Font)              size <5> substituted on input line 96.

[2

 </opt/local/share/texmf-texlive/tex/latex/beamer/themes/theme/Ressources/frame
.pdf>] <images/bateau_drone.jpg, id=64, 687.56876pt x 515.9275pt>
File: images/bateau_drone.jpg Graphic file (type jpg)

<use images/bateau_drone.jpg>
Package pdftex.def Info: images/bateau_drone.jpg used on input line 112.
(pdftex.def)             Requested size: 83.41743pt x 62.59605pt.
File: Ressources/frame.pdf Graphic file (type pdf)
 <use Ressources/frame.pdf>
Package pdftex.def Info: Ressources/frame.pdf used on input line 112.
(pdftex.def)             Requested size: 364.20155pt x 273.15115pt.
 [3

 <./images/bateau_drone.jpg>]
File: images/bateau_drone.jpg Graphic file (type jpg)
 <use images/bateau_drone.jpg>
Package pdftex.def Info: images/bateau_drone.jpg used on input line 112.
(pdftex.def)             Requested size: 83.41743pt x 62.59605pt.
File: Ressources/frame.pdf Graphic file (type pdf)
 <use Ressources/frame.pdf>
Package pdftex.def Info: Ressources/frame.pdf used on input line 112.
(pdftex.def)             Requested size: 364.20155pt x 273.15115pt.
 [4

]
<images/yolo_works.png, id=77, 1541.76pt x 1132.23pt>
File: images/yolo_works.png Graphic file (type png)

<use images/yolo_works.png>
Package pdftex.def Info: images/yolo_works.png used on input line 122.
(pdftex.def)             Requested size: 138.2795pt x 101.5335pt.

<images/bateau_drone_predict.jpg, id=78, 686.565pt x 515.9275pt>
File: images/bateau_drone_predict.jpg Graphic file (type jpg)

<use images/bateau_drone_predict.jpg>
Package pdftex.def Info: images/bateau_drone_predict.jpg used on input line 122
.
(pdftex.def)             Requested size: 138.2795pt x 103.90793pt.
File: Ressources/frame.pdf Graphic file (type pdf)
 <use Ressources/frame.pdf>
Package pdftex.def Info: Ressources/frame.pdf used on input line 122.
(pdftex.def)             Requested size: 364.20155pt x 273.15115pt.
 [5

 <./images/yolo_works.png> <./images/bateau_drone_predict.jpg>]
File: images/yolo_works.png Graphic file (type png)

<use images/yolo_works.png>
Package pdftex.def Info: images/yolo_works.png used on input line 122.
(pdftex.def)             Requested size: 138.2795pt x 101.5335pt.
File: images/bateau_drone_predict.jpg Graphic file (type jpg)
 <use images/bateau_drone_predict.jpg>
Package pdftex.def Info: images/bateau_drone_predict.jpg used on input line 122
.
(pdftex.def)             Requested size: 138.2795pt x 103.90793pt.
File: Ressources/frame.pdf Graphic file (type pdf)

<use Ressources/frame.pdf>
Package pdftex.def Info: Ressources/frame.pdf used on input line 122.
(pdftex.def)             Requested size: 364.20155pt x 273.15115pt.
 [6

]
<images/lin_reg.png, id=91, 373.395pt x 252.945pt>
File: images/lin_reg.png Graphic file (type png)
 <use images/lin_reg.png>
Package pdftex.def Info: images/lin_reg.png used on input line 149.
(pdftex.def)             Requested size: 76.82246pt x 52.03932pt.

<images/curve_fit.png, id=92, 367.3725pt x 252.945pt>
File: images/curve_fit.png Graphic file (type png)

<use images/curve_fit.png>
Package pdftex.def Info: images/curve_fit.png used on input line 149.
(pdftex.def)             Requested size: 76.82246pt x 52.89229pt.
File: Ressources/frame.pdf Graphic file (type pdf)
 <use Ressources/frame.pdf>
Package pdftex.def Info: Ressources/frame.pdf used on input line 149.
(pdftex.def)             Requested size: 364.20155pt x 273.15115pt.
 [7

 <./images/lin_reg.png> <./images/curve_fit.png>]

pdfTeX warning: /opt/local/bin/pdflatex (file ./images/vecteur_y.pdf): PDF incl
usion: found PDF version <1.5>, but at most version <1.4> allowed
<images/vecteur_y.pdf, id=105, 634.45032pt x 44.27084pt>
File: images/vecteur_y.pdf Graphic file (type pdf)

<use images/vecteur_y.pdf>
Package pdftex.def Info: images/vecteur_y.pdf used on input line 149.
(pdftex.def)             Requested size: 184.3758pt x 12.86522pt.
File: Ressources/frame.pdf Graphic file (type pdf)
 <use Ressources/frame.pdf>
Package pdftex.def Info: Ressources/frame.pdf used on input line 149.
(pdftex.def)             Requested size: 364.20155pt x 273.15115pt.
 [8

 <./images/vecteur_y.pdf>]

pdfTeX warning: /opt/local/bin/pdflatex (file ./images/archi_predict.pdf): PDF 
inclusion: found PDF version <1.5>, but at most version <1.4> allowed
<images/archi_predict.pdf, id=118, 452.31248pt x 175.68633pt>
File: images/archi_predict.pdf Graphic file (type pdf)

<use images/archi_predict.pdf>
Package pdftex.def Info: images/archi_predict.pdf used on input line 172.
(pdftex.def)             Requested size: 173.23326pt x 67.28665pt.
LaTeX Font Info:    Try loading font information for OMS+cmss on input line 172
.
LaTeX Font Info:    No file OMScmss.fd. on input line 172.


LaTeX Font Warning: Font shape `OMS/cmss/m/n' undefined
(Font)              using `OMS/cmsy/m/n' instead
(Font)              for symbol `textbraceleft' on input line 172.

File: Ressources/frame.pdf Graphic file (type pdf)
<use Ressources/frame.pdf>
Package pdftex.def Info: Ressources/frame.pdf used on input line 172.
(pdftex.def)             Requested size: 364.20155pt x 273.15115pt.
 [9

 <./images/archi_predict.pdf>]
File: images/archi_predict.pdf Graphic file (type pdf)

<use images/archi_predict.pdf>
Package pdftex.def Info: images/archi_predict.pdf used on input line 172.
(pdftex.def)             Requested size: 173.23326pt x 67.28665pt.
File: Ressources/frame.pdf Graphic file (type pdf)
 <use Ressources/frame.pdf>
Package pdftex.def Info: Ressources/frame.pdf used on input line 172.
(pdftex.def)             Requested size: 364.20155pt x 273.15115pt.
 [10

]
File: images/archi_predict.pdf Graphic file (type pdf)

<use images/archi_predict.pdf>
Package pdftex.def Info: images/archi_predict.pdf used on input line 172.
(pdftex.def)             Requested size: 173.23326pt x 67.28665pt.
File: Ressources/frame.pdf Graphic file (type pdf)
 <use Ressources/frame.pdf>
Package pdftex.def Info: Ressources/frame.pdf used on input line 172.
(pdftex.def)             Requested size: 364.20155pt x 273.15115pt.
 [11

]
File: images/archi_predict.pdf Graphic file (type pdf)

<use images/archi_predict.pdf>
Package pdftex.def Info: images/archi_predict.pdf used on input line 172.
(pdftex.def)             Requested size: 173.23326pt x 67.28665pt.
File: Ressources/frame.pdf Graphic file (type pdf)
 <use Ressources/frame.pdf>
Package pdftex.def Info: Ressources/frame.pdf used on input line 172.
(pdftex.def)             Requested size: 364.20155pt x 273.15115pt.
 [12

]
<images/keras.png, id=172, 351.3125pt x 351.3125pt>
File: images/keras.png Graphic file (type png)
 <use images/keras.png>
Package pdftex.def Info: images/keras.png used on input line 194.
(pdftex.def)             Requested size: 12.23822pt x 12.23991pt.

<images/convolution.jpeg, id=173, 247.92625pt x 204.765pt>
File: images/convolution.jpeg Graphic file (type jpg)

<use images/convolution.jpeg>
Package pdftex.def Info: images/convolution.jpeg used on input line 194.
(pdftex.def)             Requested size: 92.1879pt x 76.13991pt.

<images/Relu.png, id=174, 207.77625pt x 155.58125pt>
File: images/Relu.png Graphic file (type png)
 <use images/Relu.png>
Package pdftex.def Info: images/Relu.png used on input line 194.
(pdftex.def)             Requested size: 107.55333pt x 80.53473pt.
File: Ressources/frame.pdf Graphic file (type pdf)

<use Ressources/frame.pdf>
Package pdftex.def Info: Ressources/frame.pdf used on input line 194.
(pdftex.def)             Requested size: 364.20155pt x 273.15115pt.
 [13

 <./images/keras.png> <./images/convolution.jpeg> <./images/Relu.png>]
\openout4 = `expose.vrb'.

 (./expose.vrb
Overfull \hbox (39.44539pt too wide) in paragraph at lines 17--17
[]\OT1/cmtt/m/n/10 model.add(Conv2D(filters=16,[] 
 []


Overfull \hbox (28.94548pt too wide) in paragraph at lines 17--17
[]       \OT1/cmtt/m/n/10 kernel_size=(3, 3),[] 
 []


Overfull \hbox (65.69516pt too wide) in paragraph at lines 17--17
[]       \OT1/cmtt/m/n/10 input_shape=(3, 448, 448))[] 
 []


Overfull \hbox (55.19525pt too wide) in paragraph at lines 17--17
[]\OT1/cmtt/m/n/10 model.add(LeakyReLU(alpha=0.1))[] 
 []


Overfull \hbox (102.44484pt too wide) in paragraph at lines 17--17
[]\OT1/cmtt/m/n/10 model.add(MaxPooling2D(pool_size=(2,2)))[] 
 []


Overfull \hbox (7.94566pt too wide) in paragraph at lines 17--17
[]\OT1/cmtt/m/n/10 model.add(Dense(1470))[] 
 []


Overfull \hbox (23.69553pt too wide) in paragraph at lines 17--17
[]\OT1/cmtt/m/n/10 model.load('params.hdf5')[] 
 []


Overfull \hbox (23.69553pt too wide) in paragraph at lines 17--17
[]\OT1/cmtt/m/n/10 y_pred = model.predict(x)[] 
 []



pdfTeX warning: /opt/local/bin/pdflatex (file ./images/YOLO_params.pdf): PDF in
clusion: found PDF version <1.5>, but at most version <1.4> allowed
<images/YOLO_params.pdf, id=183, 220.825pt x 240.097pt>
File: images/YOLO_params.pdf Graphic file (type pdf)

<use images/YOLO_params.pdf>
Package pdftex.def Info: images/YOLO_params.pdf used on input line 23.
(pdftex.def)             Requested size: 107.67278pt x 117.0697pt.
)
File: Ressources/frame.pdf Graphic file (type pdf)
 <use Ressources/frame.pdf>
Package pdftex.def Info: Ressources/frame.pdf used on input line 230.
(pdftex.def)             Requested size: 364.20155pt x 273.15115pt.
 [14

 <./images/YOLO_params.pdf>] (./expose.vrb
Overfull \hbox (39.44539pt too wide) in paragraph at lines 17--17
[]\OT1/cmtt/m/n/10 model.add(Conv2D(filters=16,[] 
 []


Overfull \hbox (28.94548pt too wide) in paragraph at lines 17--17
[]       \OT1/cmtt/m/n/10 kernel_size=(3, 3),[] 
 []


Overfull \hbox (65.69516pt too wide) in paragraph at lines 17--17
[]       \OT1/cmtt/m/n/10 input_shape=(3, 448, 448))[] 
 []


Overfull \hbox (55.19525pt too wide) in paragraph at lines 17--17
[]\OT1/cmtt/m/n/10 model.add(LeakyReLU(alpha=0.1))[] 
 []


Overfull \hbox (102.44484pt too wide) in paragraph at lines 17--17
[]\OT1/cmtt/m/n/10 model.add(MaxPooling2D(pool_size=(2,2)))[] 
 []


Overfull \hbox (7.94566pt too wide) in paragraph at lines 17--17
[]\OT1/cmtt/m/n/10 model.add(Dense(1470))[] 
 []


Overfull \hbox (23.69553pt too wide) in paragraph at lines 17--17
[]\OT1/cmtt/m/n/10 model.load('params.hdf5')[] 
 []


Overfull \hbox (23.69553pt too wide) in paragraph at lines 17--17
[]\OT1/cmtt/m/n/10 y_pred = model.predict(x)[] 
 []

File: images/YOLO_params.pdf Graphic file (type pdf)
<use images/YOLO_params.pdf>
Package pdftex.def Info: images/YOLO_params.pdf used on input line 23.
(pdftex.def)             Requested size: 107.67278pt x 117.0697pt.
)
File: Ressources/frame.pdf Graphic file (type pdf)
 <use Ressources/frame.pdf>
Package pdftex.def Info: Ressources/frame.pdf used on input line 230.
(pdftex.def)             Requested size: 364.20155pt x 273.15115pt.
 [15

] (./expose.vrb
Overfull \hbox (39.44539pt too wide) in paragraph at lines 17--17
[]\OT1/cmtt/m/n/10 model.add(Conv2D(filters=16,[] 
 []


Overfull \hbox (28.94548pt too wide) in paragraph at lines 17--17
[]       \OT1/cmtt/m/n/10 kernel_size=(3, 3),[] 
 []


Overfull \hbox (65.69516pt too wide) in paragraph at lines 17--17
[]       \OT1/cmtt/m/n/10 input_shape=(3, 448, 448))[] 
 []


Overfull \hbox (55.19525pt too wide) in paragraph at lines 17--17
[]\OT1/cmtt/m/n/10 model.add(LeakyReLU(alpha=0.1))[] 
 []


Overfull \hbox (102.44484pt too wide) in paragraph at lines 17--17
[]\OT1/cmtt/m/n/10 model.add(MaxPooling2D(pool_size=(2,2)))[] 
 []


Overfull \hbox (7.94566pt too wide) in paragraph at lines 17--17
[]\OT1/cmtt/m/n/10 model.add(Dense(1470))[] 
 []


Overfull \hbox (23.69553pt too wide) in paragraph at lines 17--17
[]\OT1/cmtt/m/n/10 model.load('params.hdf5')[] 
 []


Overfull \hbox (23.69553pt too wide) in paragraph at lines 17--17
[]\OT1/cmtt/m/n/10 y_pred = model.predict(x)[] 
 []

File: images/YOLO_params.pdf Graphic file (type pdf)
<use images/YOLO_params.pdf>
Package pdftex.def Info: images/YOLO_params.pdf used on input line 23.
(pdftex.def)             Requested size: 107.67278pt x 117.0697pt.
)
File: Ressources/frame.pdf Graphic file (type pdf)
 <use Ressources/frame.pdf>
Package pdftex.def Info: Ressources/frame.pdf used on input line 230.
(pdftex.def)             Requested size: 364.20155pt x 273.15115pt.
 [16

] (./expose.vrb
Overfull \hbox (39.44539pt too wide) in paragraph at lines 17--17
[]\OT1/cmtt/m/n/10 model.add(Conv2D(filters=16,[] 
 []


Overfull \hbox (28.94548pt too wide) in paragraph at lines 17--17
[]       \OT1/cmtt/m/n/10 kernel_size=(3, 3),[] 
 []


Overfull \hbox (65.69516pt too wide) in paragraph at lines 17--17
[]       \OT1/cmtt/m/n/10 input_shape=(3, 448, 448))[] 
 []


Overfull \hbox (55.19525pt too wide) in paragraph at lines 17--17
[]\OT1/cmtt/m/n/10 model.add(LeakyReLU(alpha=0.1))[] 
 []


Overfull \hbox (102.44484pt too wide) in paragraph at lines 17--17
[]\OT1/cmtt/m/n/10 model.add(MaxPooling2D(pool_size=(2,2)))[] 
 []


Overfull \hbox (7.94566pt too wide) in paragraph at lines 17--17
[]\OT1/cmtt/m/n/10 model.add(Dense(1470))[] 
 []


Overfull \hbox (23.69553pt too wide) in paragraph at lines 17--17
[]\OT1/cmtt/m/n/10 model.load('params.hdf5')[] 
 []


Overfull \hbox (23.69553pt too wide) in paragraph at lines 17--17
[]\OT1/cmtt/m/n/10 y_pred = model.predict(x)[] 
 []

File: images/YOLO_params.pdf Graphic file (type pdf)
<use images/YOLO_params.pdf>
Package pdftex.def Info: images/YOLO_params.pdf used on input line 23.
(pdftex.def)             Requested size: 107.67278pt x 117.0697pt.
)
File: Ressources/frame.pdf Graphic file (type pdf)
 <use Ressources/frame.pdf>
Package pdftex.def Info: Ressources/frame.pdf used on input line 230.
(pdftex.def)             Requested size: 364.20155pt x 273.15115pt.
 [17

]
Underfull \hbox (badness 10000) in alignment at lines 264--264
[][] 
 []

File: Ressources/frame.pdf Graphic file (type pdf)
<use Ressources/frame.pdf>
Package pdftex.def Info: Ressources/frame.pdf used on input line 264.
(pdftex.def)             Requested size: 364.20155pt x 273.15115pt.
 [18

]
Underfull \hbox (badness 10000) in alignment at lines 264--264
[][] 
 []

File: Ressources/frame.pdf Graphic file (type pdf)
<use Ressources/frame.pdf>
Package pdftex.def Info: Ressources/frame.pdf used on input line 264.
(pdftex.def)             Requested size: 364.20155pt x 273.15115pt.
 [19

]
<images/Queue_YOLO.png, id=232, 509.905pt x 156.585pt>
File: images/Queue_YOLO.png Graphic file (type png)

<use images/Queue_YOLO.png>
Package pdftex.def Info: images/Queue_YOLO.png used on input line 285.
(pdftex.def)             Requested size: 215.10196pt x 66.05435pt.
File: Ressources/frame.pdf Graphic file (type pdf)
 <use Ressources/frame.pdf>
Package pdftex.def Info: Ressources/frame.pdf used on input line 285.
(pdftex.def)             Requested size: 364.20155pt x 273.15115pt.
 [20

 <./images/Queue_YOLO.png>]

pdfTeX warning: /opt/local/bin/pdflatex (file ./images/archi_train.pdf): PDF in
clusion: found PDF version <1.5>, but at most version <1.4> allowed
<images/archi_train.pdf, id=239, 446.0056pt x 241.50934pt>
File: images/archi_train.pdf Graphic file (type pdf)

<use images/archi_train.pdf>
Package pdftex.def Info: images/archi_train.pdf used on input line 311.
(pdftex.def)             Requested size: 124.26141pt x 67.28665pt.

<images/wizard.png, id=240, 657.45625pt x 722.7pt>
File: images/wizard.png Graphic file (type png)
 <use images/wizard.png>
Package pdftex.def Info: images/wizard.png used on input line 311.
(pdftex.def)             Requested size: 24.73882pt x 27.20001pt.
File: Ressources/frame.pdf Graphic file (type pdf)

<use Ressources/frame.pdf>
Package pdftex.def Info: Ressources/frame.pdf used on input line 311.
(pdftex.def)             Requested size: 364.20155pt x 273.15115pt.
 [21

 <./images/archi_train.pdf> <./images/wizard.png>]
File: images/archi_train.pdf Graphic file (type pdf)
 <use images/archi_train.pdf>
Package pdftex.def Info: images/archi_train.pdf used on input line 311.
(pdftex.def)             Requested size: 124.26141pt x 67.28665pt.
File: images/wizard.png Graphic file (type png)
 <use images/wizard.png>
Package pdftex.def Info: images/wizard.png used on input line 311.
(pdftex.def)             Requested size: 24.73882pt x 27.20001pt.
File: Ressources/frame.pdf Graphic file (type pdf)

<use Ressources/frame.pdf>
Package pdftex.def Info: Ressources/frame.pdf used on input line 311.
(pdftex.def)             Requested size: 364.20155pt x 273.15115pt.
 [22

]
File: images/archi_train.pdf Graphic file (type pdf)
 <use images/archi_train.pdf>
Package pdftex.def Info: images/archi_train.pdf used on input line 311.
(pdftex.def)             Requested size: 124.26141pt x 67.28665pt.
File: images/wizard.png Graphic file (type png)

<use images/wizard.png>
Package pdftex.def Info: images/wizard.png used on input line 311.
(pdftex.def)             Requested size: 24.73882pt x 27.20001pt.
File: Ressources/frame.pdf Graphic file (type pdf)
 <use Ressources/frame.pdf>
Package pdftex.def Info: Ressources/frame.pdf used on input line 311.
(pdftex.def)             Requested size: 364.20155pt x 273.15115pt.
 [23

]
<images/Streamer_YOLO.png, id=279, 436.63126pt x 179.67125pt>
File: images/Streamer_YOLO.png Graphic file (type png)

<use images/Streamer_YOLO.png>
Package pdftex.def Info: images/Streamer_YOLO.png used on input line 329.
(pdftex.def)             Requested size: 215.10196pt x 88.51396pt.
File: Ressources/frame.pdf Graphic file (type pdf)
 <use Ressources/frame.pdf>
Package pdftex.def Info: Ressources/frame.pdf used on input line 329.
(pdftex.def)             Requested size: 364.20155pt x 273.15115pt.
 [24

 <./images/Streamer_YOLO.png>]

pdfTeX warning: /opt/local/bin/pdflatex (file ./images/loss.pdf): PDF inclusion
: found PDF version <1.5>, but at most version <1.4> allowed
<images/loss.pdf, id=287, 721.8852pt x 190.35918pt>
File: images/loss.pdf Graphic file (type pdf)
 <use images/loss.pdf>
Package pdftex.def Info: images/loss.pdf used on input line 350.
(pdftex.def)             Requested size: 224.54213pt x 59.21257pt.
File: Ressources/frame.pdf Graphic file (type pdf)

<use Ressources/frame.pdf>
Package pdftex.def Info: Ressources/frame.pdf used on input line 350.
(pdftex.def)             Requested size: 364.20155pt x 273.15115pt.
 [25

 <./images/loss.pdf>]
File: images/loss.pdf Graphic file (type pdf)
 <use images/loss.pdf>
Package pdftex.def Info: images/loss.pdf used on input line 350.
(pdftex.def)             Requested size: 224.54213pt x 59.21257pt.
File: Ressources/frame.pdf Graphic file (type pdf)

<use Ressources/frame.pdf>
Package pdftex.def Info: Ressources/frame.pdf used on input line 350.
(pdftex.def)             Requested size: 364.20155pt x 273.15115pt.
 [26

]
File: images/loss.pdf Graphic file (type pdf)
 <use images/loss.pdf>
Package pdftex.def Info: images/loss.pdf used on input line 350.
(pdftex.def)             Requested size: 224.54213pt x 59.21257pt.
File: Ressources/frame.pdf Graphic file (type pdf)

<use Ressources/frame.pdf>
Package pdftex.def Info: Ressources/frame.pdf used on input line 350.
(pdftex.def)             Requested size: 364.20155pt x 273.15115pt.
 [27

]
File: images/loss.pdf Graphic file (type pdf)
 <use images/loss.pdf>
Package pdftex.def Info: images/loss.pdf used on input line 350.
(pdftex.def)             Requested size: 224.54213pt x 59.21257pt.
File: Ressources/frame.pdf Graphic file (type pdf)

<use Ressources/frame.pdf>
Package pdftex.def Info: Ressources/frame.pdf used on input line 350.
(pdftex.def)             Requested size: 364.20155pt x 273.15115pt.
 [28

]
File: Ressources/frame.pdf Graphic file (type pdf)
 <use Ressources/frame.pdf>
Package pdftex.def Info: Ressources/frame.pdf used on input line 371.
(pdftex.def)             Requested size: 364.20155pt x 273.15115pt.
 [29

]
<images/transf_1.png, id=325, 907.9521pt x 324.7332pt>
File: images/transf_1.png Graphic file (type png)

<use images/transf_1.png>
Package pdftex.def Info: images/transf_1.png used on input line 371.
(pdftex.def)             Requested size: 307.28987pt x 109.9024pt.
File: Ressources/frame.pdf Graphic file (type pdf)
 <use Ressources/frame.pdf>
Package pdftex.def Info: Ressources/frame.pdf used on input line 371.
(pdftex.def)             Requested size: 364.20155pt x 273.15115pt.
 [30

 <./images/transf_1.png>]

pdfTeX warning: /opt/local/bin/pdflatex (file ./images/transf_2.pdf): PDF inclu
sion: found PDF version <1.5>, but at most version <1.4> allowed
<images/transf_2.pdf, id=332, 848.12096pt x 320.556pt>
File: images/transf_2.pdf Graphic file (type pdf)

<use images/transf_2.pdf>
Package pdftex.def Info: images/transf_2.pdf used on input line 371.
(pdftex.def)             Requested size: 307.28987pt x 116.14354pt.
File: Ressources/frame.pdf Graphic file (type pdf)
 <use Ressources/frame.pdf>
Package pdftex.def Info: Ressources/frame.pdf used on input line 371.
(pdftex.def)             Requested size: 364.20155pt x 273.15115pt.
 [31

 <./images/transf_2.pdf>]
File: images/transf_1.png Graphic file (type png)
 <use images/transf_1.png>
Package pdftex.def Info: images/transf_1.png used on input line 371.
(pdftex.def)             Requested size: 307.28987pt x 109.9024pt.
File: Ressources/frame.pdf Graphic file (type pdf)
 <use Ressources/frame.pdf>
Package pdftex.def Info: Ressources/frame.pdf used on input line 371.
(pdftex.def)             Requested size: 364.20155pt x 273.15115pt.
 [32

]
File: Ressources/frame.pdf Graphic file (type pdf)

<use Ressources/frame.pdf>
Package pdftex.def Info: Ressources/frame.pdf used on input line 395.
(pdftex.def)             Requested size: 364.20155pt x 273.15115pt.
 [33

]
File: Ressources/frame.pdf Graphic file (type pdf)
 <use Ressources/frame.pdf>
Package pdftex.def Info: Ressources/frame.pdf used on input line 395.
(pdftex.def)             Requested size: 364.20155pt x 273.15115pt.
 [34

]
File: Ressources/frame.pdf Graphic file (type pdf)

<use Ressources/frame.pdf>
Package pdftex.def Info: Ressources/frame.pdf used on input line 395.
(pdftex.def)             Requested size: 364.20155pt x 273.15115pt.
 [35

]
File: Ressources/frame.pdf Graphic file (type pdf)
 <use Ressources/frame.pdf>
Package pdftex.def Info: Ressources/frame.pdf used on input line 407.
(pdftex.def)             Requested size: 364.20155pt x 273.15115pt.
Package atenddvi Info: Last page = 36.
 [36

]
\tf@nav=\write7
\openout7 = `expose.nav'.

\tf@toc=\write8
\openout8 = `expose.toc'.

\tf@snm=\write9
\openout9 = `expose.snm'.


*************************************************
* media9 warning: "rerun"
* 
* Rerun to get internal references right!
*************************************************
Package atveryend Info: Empty hook `BeforeClearDocument' on input line 408.
Package atveryend Info: Executing hook `AfterLastShipout' on input line 408.
(./expose.aux)
Package atveryend Info: Executing hook `AtVeryEndDocument' on input line 408.
Package atveryend Info: Executing hook `AtEndAfterFileList' on input line 408.
Package rerunfilecheck Info: File `expose.out' has not changed.
(rerunfilecheck)             Checksum: D41D8CD98F00B204E9800998ECF8427E;0.


LaTeX Font Warning: Size substitutions with differences
(Font)              up to 1.0pt have occurred.


LaTeX Font Warning: Some font shapes were not available, defaults substituted.

Package atveryend Info: Empty hook `AtVeryVeryEnd' on input line 408.
 ) 
Here is how much of TeX's memory you used:
 29131 strings out of 494917
 565577 string characters out of 6179621
 648811 words of memory out of 5000000
 31784 multiletter control sequences out of 15000+600000
 24071 words of font info for 58 fonts, out of 8000000 for 9000
 14 hyphenation exceptions out of 8191
 56i,14n,70p,10369b,906s stack positions out of 5000i,500n,10000p,200000b,80000s
{/opt/local/share/texmf-texlive/fonts/enc/dvips/base/8r.enc}</opt/local/share
/texmf-texlive/fonts/type1/public/amsfonts/cm/cmmi10.pfb></opt/local/share/texm
f-texlive/fonts/type1/public/amsfonts/cm/cmmi8.pfb></opt/local/share/texmf-texl
ive/fonts/type1/public/amsfonts/cm/cmss10.pfb></opt/local/share/texmf-texlive/f
onts/type1/public/amsfonts/cm/cmss12.pfb></opt/local/share/texmf-texlive/fonts/
type1/public/amsfonts/cm/cmss8.pfb></opt/local/share/texmf-texlive/fonts/type1/
public/amsfonts/cm/cmssbx10.pfb></opt/local/share/texmf-texlive/fonts/type1/pub
lic/amsfonts/cm/cmssi10.pfb></opt/local/share/texmf-texlive/fonts/type1/public/
amsfonts/cm/cmsy10.pfb></opt/local/share/texmf-texlive/fonts/type1/public/amsfo
nts/cm/cmtt10.pfb></opt/local/share/texmf-texlive/fonts/type1/urw/helvetic/uhvb
8a.pfb></opt/local/share/texmf-texlive/fonts/type1/urw/helvetic/uhvr8a.pfb>
Output written on expose.pdf (36 pages, 83216101 bytes).
PDF statistics:
 437 PDF objects out of 1000 (max. 8388607)
 74 named destinations out of 1000 (max. 500000)
 316 words of extra memory for PDF output out of 10000 (max. 10000000)

